Using pre-set license
Built from '2022.2/release' branch; Version is '2022.2.1f1 (4fead5835099) revision 5237461'; Using compiler version '192829333'; Build Type 'Release'
OS: 'Windows 11  (10.0.22621) 64bit Core' Language: 'en' Physical Memory: 15714 MB
BatchMode: 1, IsHumanControllingUs: 0, StartBugReporterOnCrash: 0, Is64bit: 1, IsPro: 1

COMMAND LINE ARGUMENTS:
C:\Program Files\Unity\Hub\Editor\2022.2.1f1\Editor\Unity.exe
-adb2
-batchMode
-noUpm
-name
AssetImportWorker3
-projectPath
C:/Program Files/Github/Swarm/6_Zombie_Runner
-logFile
Logs/AssetImportWorker3.log
-srvPort
58956
Successfully changed project path to: C:/Program Files/Github/Swarm/6_Zombie_Runner
C:/Program Files/Github/Swarm/6_Zombie_Runner
[UnityMemory] Configuration Parameters - Can be set up in boot.config
    "memorysetup-bucket-allocator-granularity=16"
    "memorysetup-bucket-allocator-bucket-count=8"
    "memorysetup-bucket-allocator-block-size=33554432"
    "memorysetup-bucket-allocator-block-count=8"
    "memorysetup-main-allocator-block-size=16777216"
    "memorysetup-thread-allocator-block-size=16777216"
    "memorysetup-gfx-main-allocator-block-size=16777216"
    "memorysetup-gfx-thread-allocator-block-size=16777216"
    "memorysetup-cache-allocator-block-size=4194304"
    "memorysetup-typetree-allocator-block-size=2097152"
    "memorysetup-profiler-bucket-allocator-granularity=16"
    "memorysetup-profiler-bucket-allocator-bucket-count=8"
    "memorysetup-profiler-bucket-allocator-block-size=33554432"
    "memorysetup-profiler-bucket-allocator-block-count=8"
    "memorysetup-profiler-allocator-block-size=16777216"
    "memorysetup-profiler-editor-allocator-block-size=1048576"
    "memorysetup-temp-allocator-size-main=16777216"
    "memorysetup-job-temp-allocator-block-size=2097152"
    "memorysetup-job-temp-allocator-block-size-background=1048576"
    "memorysetup-job-temp-allocator-reduction-small-platforms=262144"
    "memorysetup-temp-allocator-size-background-worker=32768"
    "memorysetup-temp-allocator-size-job-worker=262144"
    "memorysetup-temp-allocator-size-preload-manager=33554432"
    "memorysetup-temp-allocator-size-nav-mesh-worker=65536"
    "memorysetup-temp-allocator-size-audio-worker=65536"
    "memorysetup-temp-allocator-size-cloud-worker=32768"
    "memorysetup-temp-allocator-size-gi-baking-worker=262144"
    "memorysetup-temp-allocator-size-gfx=262144"
Player connection [5604] Host "[IP] 192.168.56.1 [Port] 0 [Flags] 2 [Guid] 944312626 [EditorId] 944312626 [Version] 1048832 [Id] WindowsEditor(7,Noam) [Debug] 1 [PackageName] WindowsEditor [ProjectName] Editor" joined multi-casting on [225.0.0.222:54997]...

Player connection [5604] Host "[IP] 192.168.56.1 [Port] 0 [Flags] 2 [Guid] 944312626 [EditorId] 944312626 [Version] 1048832 [Id] WindowsEditor(7,Noam) [Debug] 1 [PackageName] WindowsEditor [ProjectName] Editor" joined alternative multi-casting on [225.0.0.222:34997]...

Refreshing native plugins compatible for Editor in 148.20 ms, found 2 plugins.
Preloading 0 native plugins for Editor in 0.00 ms.
Initialize engine version: 2022.2.1f1 (4fead5835099)
[Subsystems] Discovering subsystems at path C:/Program Files/Unity/Hub/Editor/2022.2.1f1/Editor/Data/Resources/UnitySubsystems
[Subsystems] Discovering subsystems at path C:/Program Files/Github/Swarm/6_Zombie_Runner/Assets
GfxDevice: creating device client; threaded=0; jobified=0
Direct3D:
    Version:  Direct3D 11.0 [level 11.1]
    Renderer: NVIDIA GeForce RTX 3070 Laptop GPU (ID=0x249d)
    Vendor:   NVIDIA
    VRAM:     8033 MB
    Driver:   31.0.15.3114
Initialize mono
Mono path[0] = 'C:/Program Files/Unity/Hub/Editor/2022.2.1f1/Editor/Data/Managed'
Mono path[1] = 'C:/Program Files/Unity/Hub/Editor/2022.2.1f1/Editor/Data/MonoBleedingEdge/lib/mono/unityjit-win32'
Mono config path = 'C:/Program Files/Unity/Hub/Editor/2022.2.1f1/Editor/Data/MonoBleedingEdge/etc'
Using monoOptions --debugger-agent=transport=dt_socket,embedding=1,server=y,suspend=n,address=127.0.0.1:56804
Begin MonoManager ReloadAssembly
Registering precompiled unity dll's ...
Register platform support module: C:/Program Files/Unity/Hub/Editor/2022.2.1f1/Editor/Data/PlaybackEngines/AndroidPlayer/UnityEditor.Android.Extensions.dll
Register platform support module: C:/Program Files/Unity/Hub/Editor/2022.2.1f1/Editor/Data/PlaybackEngines/iOSSupport/UnityEditor.iOS.Extensions.dll
Register platform support module: C:/Program Files/Unity/Hub/Editor/2022.2.1f1/Editor/Data/PlaybackEngines/WindowsStandaloneSupport/UnityEditor.WindowsStandalone.Extensions.dll
Registered in 0.013477 seconds.
- Loaded All Assemblies, in  0.333 seconds
Native extension for WindowsStandalone target not found
[usbmuxd] Start listen thread
[usbmuxd] Listen thread started
Native extension for iOS target not found
Native extension for Android target not found
Android Extension - Scanning For ADB Devices 351 ms
Mono: successfully reloaded assembly
- Finished resetting the current domain, in  0.687 seconds
Domain Reload Profiling:
	ReloadAssembly (197ms)
		BeginReloadAssembly (85ms)
			ExecutionOrderSort (0ms)
			DisableScriptedObjects (0ms)
			BackupInstance (0ms)
			ReleaseScriptingObjects (0ms)
			CreateAndSetChildDomain (1ms)
		LoadAllAssembliesAndSetupDomain (0ms)
			LoadAssemblies (83ms)
			RebuildTransferFunctionScriptingTraits (0ms)
			SetupTypeCache (126ms)
				TypeCache.Initialize (124ms)
					TypeCache.ScanAssembly (122ms)
				ResolveRequiredComponents (1ms)
		FinalizeReload (0ms)
			ReleaseScriptCaches (0ms)
			RebuildScriptCaches (0ms)
			SetupLoadedEditorAssemblies (629ms)
				LogAssemblyErrors (0ms)
				InitializePlatformSupportModulesInManaged (479ms)
				SetLoadedEditorAssemblies (5ms)
				RefreshPlugins (0ms)
				BeforeProcessingInitializeOnLoad (1ms)
				ProcessInitializeOnLoadAttributes (97ms)
				ProcessInitializeOnLoadMethodAttributes (48ms)
				AfterProcessingInitializeOnLoad (0ms)
				EditorAssembliesLoaded (0ms)
			ExecutionOrderSort2 (0ms)
			AwakeInstancesAfterBackupRestoration (0ms)
========================================================================
Worker process is ready to serve import requests
Begin MonoManager ReloadAssembly
- Loaded All Assemblies, in  0.684 seconds
Refreshing native plugins compatible for Editor in 25.63 ms, found 2 plugins.
Native extension for WindowsStandalone target not found
Native extension for iOS target not found
Native extension for Android target not found
Package Manager log level set to [2]
[Package Manager] Server::EnsureServerProcessIsRunning -- launch failed, reason: Unity was launched with the -noUpm command-line argument
[Package Manager] UpmClient::Send -- Unable to send message (not connected to UPM process).
[Package Manager] Cannot connect to Unity Package Manager local server
Mono: successfully reloaded assembly
- Finished resetting the current domain, in  0.690 seconds
Domain Reload Profiling:
	ReloadAssembly (271ms)
		BeginReloadAssembly (165ms)
			ExecutionOrderSort (0ms)
			DisableScriptedObjects (5ms)
			BackupInstance (0ms)
			ReleaseScriptingObjects (0ms)
			CreateAndSetChildDomain (25ms)
		LoadAllAssembliesAndSetupDomain (408ms)
			LoadAssemblies (166ms)
			RebuildTransferFunctionScriptingTraits (0ms)
			SetupTypeCache (330ms)
				TypeCache.Initialize (207ms)
					TypeCache.ScanAssembly (203ms)
				ResolveRequiredComponents (5ms)
		FinalizeReload (0ms)
			ReleaseScriptCaches (0ms)
			RebuildScriptCaches (0ms)
			SetupLoadedEditorAssemblies (536ms)
				LogAssemblyErrors (0ms)
				InitializePlatformSupportModulesInManaged (29ms)
				SetLoadedEditorAssemblies (6ms)
				RefreshPlugins (0ms)
				BeforeProcessingInitializeOnLoad (93ms)
				ProcessInitializeOnLoadAttributes (269ms)
				ProcessInitializeOnLoadMethodAttributes (132ms)
				AfterProcessingInitializeOnLoad (8ms)
				EditorAssembliesLoaded (0ms)
			ExecutionOrderSort2 (0ms)
			AwakeInstancesAfterBackupRestoration (8ms)
database is locked
Failed to delete database file Library/ShaderCache.db
Launched and connected shader compiler UnityShaderCompiler.exe after 0.10 seconds
Refreshing native plugins compatible for Editor in 37.62 ms, found 2 plugins.
Preloading 0 native plugins for Editor in 0.00 ms.
Unloading 3008 Unused Serialized files (Serialized files now loaded: 0)
Unloading 111 unused Assets / (0.5 MB). Loaded Objects now: 3434.
Memory consumption went from 498.4 MB to 497.9 MB.
Total: 7.648600 ms (FindLiveObjects: 0.374700 ms CreateObjectMapping: 0.103800 ms MarkObjects: 6.690700 ms  DeleteObjects: 0.477700 ms)

AssetImportParameters requested are different than current active one (requested -> active):
  custom:video-decoder-webm-vp8: 9c59270c3fd7afecdb556c50c9e8de78 -> 
  custom:container-demuxer-ogg: 62fdf1f143b41e24485cea50d1cbac27 -> 
  custom:AudioImporter_EditorPlatform: d09bf68614088b80899f8185d706f6e7 -> 
  custom:video-codec-MediaFoundation-h265: 746d11721c4dcdbdad8f713fa42b33f4 -> 
  custom:video-decoder-ogg-theora: a1e56fd34408186e4bbccfd4996cb3dc -> 
  custom:framework-win-MediaFoundation: 216162199b28c13a410421893ffa2e32 -> 
  custom:video-encoder-webm-vp8: eb34c28f22e8b96e1ab97ce403110664 -> 
  custom:audio-decoder-ogg-vorbis: bf7c407c2cedff20999df2af8eb42d56 -> 
  custom:container-demuxer-webm: 4f35f7cbe854078d1ac9338744f61a02 -> 
  custom:audio-encoder-webm-vorbis: bf7c407c2cedff20999df2af8eb42d56 -> 
  custom:container-muxer-webm: aa71ff27fc2769a1b78a27578f13a17b -> 
========================================================================
Received Import Request.
  Time since last request: 100859.361221 seconds.
  path: Assets/L_FG_Assets_Pack_Lite/L_FG_Assets_Pack_Lite/Perfabs/Decal/Bloom03.prefab
  artifactKey: Guid(acebd669d34598a40a103042011b1028) Importer(815301076,1909f56bfc062723c751e8b465ee728b)
Number of updated assets reloaded before import = 0
Start importing Assets/L_FG_Assets_Pack_Lite/L_FG_Assets_Pack_Lite/Perfabs/Decal/Bloom03.prefab using Guid(acebd669d34598a40a103042011b1028) Importer(815301076,1909f56bfc062723c751e8b465ee728b)  -> (artifact id: '118149844d2ebadd586aa14464dfba2d') in 0.206737 seconds 
Number of asset objects unloaded after import = 17
========================================================================
Received Import Request.
  Time since last request: 0.000037 seconds.
  path: Assets/L_FG_Assets_Pack_Lite/L_FG_Assets_Pack_Lite/Meshes/Gravestone04.FBX
  artifactKey: Guid(ab49adfe85921a5418d1a2a1e2d2acfa) Importer(815301076,1909f56bfc062723c751e8b465ee728b)
Number of updated assets reloaded before import = 0
Start importing Assets/L_FG_Assets_Pack_Lite/L_FG_Assets_Pack_Lite/Meshes/Gravestone04.FBX using Guid(ab49adfe85921a5418d1a2a1e2d2acfa) Importer(815301076,1909f56bfc062723c751e8b465ee728b)  -> (artifact id: 'db0249ae3b65a7a4ae0820b20dcc0a16') in 0.071001 seconds 
Number of asset objects unloaded after import = 9
========================================================================
Received Import Request.
  Time since last request: 0.000026 seconds.
  path: Assets/Asset Packs/Standard Assets/Environment/SpeedTree/Palm/Palm_Desktop Materials/LOD2/Branches_0.mat
  artifactKey: Guid(5c6bda52f548c164381f24c22067e446) Importer(815301076,1909f56bfc062723c751e8b465ee728b)
Number of updated assets reloaded before import = 0
Start importing Assets/Asset Packs/Standard Assets/Environment/SpeedTree/Palm/Palm_Desktop Materials/LOD2/Branches_0.mat using Guid(5c6bda52f548c164381f24c22067e446) Importer(815301076,1909f56bfc062723c751e8b465ee728b)  -> (artifact id: '6e9a3a191b1bfd102d83a06bca33e96e') in 0.091046 seconds 
Number of asset objects unloaded after import = 4
========================================================================
Received Import Request.
  Time since last request: 0.000034 seconds.
  path: Assets/L_FG_Assets_Pack_Lite/L_FG_Assets_Pack_Lite/Perfabs/Decal/Bloom04.prefab
  artifactKey: Guid(2d37c94e75e432645aade82bf6ea565f) Importer(815301076,1909f56bfc062723c751e8b465ee728b)
Number of updated assets reloaded before import = 0
Start importing Assets/L_FG_Assets_Pack_Lite/L_FG_Assets_Pack_Lite/Perfabs/Decal/Bloom04.prefab using Guid(2d37c94e75e432645aade82bf6ea565f) Importer(815301076,1909f56bfc062723c751e8b465ee728b)  -> (artifact id: '9d4d7c86a591ed08dd1b5d7a5d7d34d4') in 0.023787 seconds 
Number of asset objects unloaded after import = 17
========================================================================
Received Import Request.
  Time since last request: 0.000026 seconds.
  path: Assets/Asset Packs/Standard Assets/Environment/SpeedTree/Broadleaf/Broadleaf_Desktop Materials/LOD1/Branches_1.mat
  artifactKey: Guid(97ad51f0a4aed0a4289f5462ce6dc18f) Importer(815301076,1909f56bfc062723c751e8b465ee728b)
Number of updated assets reloaded before import = 0
Start importing Assets/Asset Packs/Standard Assets/Environment/SpeedTree/Broadleaf/Broadleaf_Desktop Materials/LOD1/Branches_1.mat using Guid(97ad51f0a4aed0a4289f5462ce6dc18f) Importer(815301076,1909f56bfc062723c751e8b465ee728b)  -> (artifact id: '2dee1606ae8602a798e54a67f1498035') in 0.020795 seconds 
Number of asset objects unloaded after import = 3
========================================================================
Received Import Request.
  Time since last request: 0.000036 seconds.
  path: Assets/Asset Packs/Low Poly Props/___PREFABS___/barrel 2.prefab
  artifactKey: Guid(a3b91d9b2c6caf54cbc01a6f96ad2007) Importer(815301076,1909f56bfc062723c751e8b465ee728b)
Number of updated assets reloaded before import = 0
Start importing Assets/Asset Packs/Low Poly Props/___PREFABS___/barrel 2.prefab using Guid(a3b91d9b2c6caf54cbc01a6f96ad2007) Importer(815301076,1909f56bfc062723c751e8b465ee728b)  -> (artifact id: '1a3cf7abb7336ffd94bff2125aa83fd9') in 0.055567 seconds 
Number of asset objects unloaded after import = 13
========================================================================
Received Import Request.
  Time since last request: 0.000041 seconds.
  path: Assets/Asset Packs/Standard Assets/Characters/ThirdPersonCharacter/Models/Ethan.fbx
  artifactKey: Guid(b235179bd2a63d1468dd430670338c55) Importer(815301076,1909f56bfc062723c751e8b465ee728b)
Number of updated assets reloaded before import = 0
Start importing Assets/Asset Packs/Standard Assets/Characters/ThirdPersonCharacter/Models/Ethan.fbx using Guid(b235179bd2a63d1468dd430670338c55) Importer(815301076,1909f56bfc062723c751e8b465ee728b)  -> (artifact id: 'ec87a07c707953237a557e6f736e74fb') in 0.189961 seconds 
Number of asset objects unloaded after import = 179
========================================================================
Received Import Request.
  Time since last request: 0.000019 seconds.
  path: Assets/Asset Packs/Standard Assets/Environment/SpeedTree/Broadleaf/Broadleaf_Desktop Materials/LOD0/Branches_0.mat
  artifactKey: Guid(89bc4a04979629642988a379a429608a) Importer(815301076,1909f56bfc062723c751e8b465ee728b)
Number of updated assets reloaded before import = 0
Start importing Assets/Asset Packs/Standard Assets/Environment/SpeedTree/Broadleaf/Broadleaf_Desktop Materials/LOD0/Branches_0.mat using Guid(89bc4a04979629642988a379a429608a) Importer(815301076,1909f56bfc062723c751e8b465ee728b)  -> (artifact id: '9aaa042ed4e18141668bab1add53dc24') in 0.054110 seconds 
Number of asset objects unloaded after import = 3
========================================================================
Received Import Request.
  Time since last request: 0.000029 seconds.
  path: Assets/Asset Packs/Low Poly Props/___PREFABS___/container 1.prefab
  artifactKey: Guid(61f319715fe50d44091e88e9c99323fe) Importer(815301076,1909f56bfc062723c751e8b465ee728b)
Number of updated assets reloaded before import = 0
Start importing Assets/Asset Packs/Low Poly Props/___PREFABS___/container 1.prefab using Guid(61f319715fe50d44091e88e9c99323fe) Importer(815301076,1909f56bfc062723c751e8b465ee728b)  -> (artifact id: '137ca331544eef8b263dff44f8ca1be0') in 0.061344 seconds 
Number of asset objects unloaded after import = 13
========================================================================
Received Import Request.
  Time since last request: 0.000032 seconds.
  path: Assets/Asset Packs/Standard Assets/Prototyping/Models/FloorPrototype08x01x08.fbx
  artifactKey: Guid(16fb769c0394c36469ed40a4f35c1eec) Importer(815301076,1909f56bfc062723c751e8b465ee728b)
Number of updated assets reloaded before import = 0
Start importing Assets/Asset Packs/Standard Assets/Prototyping/Models/FloorPrototype08x01x08.fbx using Guid(16fb769c0394c36469ed40a4f35c1eec) Importer(815301076,1909f56bfc062723c751e8b465ee728b)  -> (artifact id: '71791ea111854fd0d3ad571e4306eb0b') in 0.044048 seconds 
Number of asset objects unloaded after import = 10
========================================================================
Received Import Request.
  Time since last request: 0.000020 seconds.
  path: Assets/Asset Packs/Low Poly Props/locker/material B/_mat_lock.mat
  artifactKey: Guid(8dc064a2daa01904aaef207453686169) Importer(815301076,1909f56bfc062723c751e8b465ee728b)
Number of updated assets reloaded before import = 0
Start importing Assets/Asset Packs/Low Poly Props/locker/material B/_mat_lock.mat using Guid(8dc064a2daa01904aaef207453686169) Importer(815301076,1909f56bfc062723c751e8b465ee728b)  -> (artifact id: 'f7e3d02e39178b2429af04ecf4941c50') in 0.053454 seconds 
Number of asset objects unloaded after import = 4
========================================================================
Received Import Request.
  Time since last request: 0.000018 seconds.
  path: Assets/Asset Packs/Standard Assets/CrossPlatformInput/Prefabs/DualTouchControls.prefab
  artifactKey: Guid(2169821f0567671499a5c10104c69c24) Importer(815301076,1909f56bfc062723c751e8b465ee728b)
Number of updated assets reloaded before import = 0
Start importing Assets/Asset Packs/Standard Assets/CrossPlatformInput/Prefabs/DualTouchControls.prefab using Guid(2169821f0567671499a5c10104c69c24) Importer(815301076,1909f56bfc062723c751e8b465ee728b)  -> (artifact id: '164e2b8ea58f36ee26ec7d69745c9690') in 0.037743 seconds 
Number of asset objects unloaded after import = 41
========================================================================
Received Import Request.
  Time since last request: 0.000021 seconds.
  path: Assets/Asset Packs/Standard Assets/Cameras/Prefabs/CctvCamera.prefab
  artifactKey: Guid(851d11542d51c464e89acf6875599172) Importer(815301076,1909f56bfc062723c751e8b465ee728b)
Number of updated assets reloaded before import = 0
Start importing Assets/Asset Packs/Standard Assets/Cameras/Prefabs/CctvCamera.prefab using Guid(851d11542d51c464e89acf6875599172) Importer(815301076,1909f56bfc062723c751e8b465ee728b)  -> (artifact id: 'd2a77cf7907e6a380236ac0c6a60091c') in 0.010678 seconds 
Number of asset objects unloaded after import = 9
========================================================================
Received Import Request.
  Time since last request: 0.000021 seconds.
  path: Assets/Asset Packs/Low Poly Props/box 1/model/box_1.obj
  artifactKey: Guid(73fd195a784d5954d8d9cee8726b831c) Importer(815301076,1909f56bfc062723c751e8b465ee728b)
Number of updated assets reloaded before import = 0
Start importing Assets/Asset Packs/Low Poly Props/box 1/model/box_1.obj using Guid(73fd195a784d5954d8d9cee8726b831c) Importer(815301076,1909f56bfc062723c751e8b465ee728b)  -> (artifact id: '4002ef148260f6e354456cc477145a56') in 0.050048 seconds 
Number of asset objects unloaded after import = 9
========================================================================
Received Import Request.
  Time since last request: 0.000017 seconds.
  path: Assets/Asset Packs/Low Poly Props/box 1/Materials/box_1_mat_2.mat
  artifactKey: Guid(0009200070cb9974191520186e77cdbe) Importer(815301076,1909f56bfc062723c751e8b465ee728b)
Number of updated assets reloaded before import = 0
Start importing Assets/Asset Packs/Low Poly Props/box 1/Materials/box_1_mat_2.mat using Guid(0009200070cb9974191520186e77cdbe) Importer(815301076,1909f56bfc062723c751e8b465ee728b)  -> (artifact id: 'bee263e58cba83d5a09c7fa8aa5d647a') in 0.040190 seconds 
Number of asset objects unloaded after import = 3
========================================================================
Received Import Request.
  Time since last request: 0.000022 seconds.
  path: Assets/Asset Packs/Standard Assets/Characters/ThirdPersonCharacter/Animation/HumanoidJumpAndFall.fbx
  artifactKey: Guid(51dd2e4c869794f75a0df7d54b210214) Importer(815301076,1909f56bfc062723c751e8b465ee728b)
Number of updated assets reloaded before import = 0
Start importing Assets/Asset Packs/Standard Assets/Characters/ThirdPersonCharacter/Animation/HumanoidJumpAndFall.fbx using Guid(51dd2e4c869794f75a0df7d54b210214) Importer(815301076,1909f56bfc062723c751e8b465ee728b)  -> (artifact id: 'e6d4ea324dd02461c174af0ed32b3c9b') in 0.017883 seconds 
Number of asset objects unloaded after import = 160
========================================================================
Received Import Request.
  Time since last request: 0.000043 seconds.
  path: Assets/L_FG_Assets_Pack_Lite/L_FG_Assets_Pack_Lite/Meshes/Cart03.FBX
  artifactKey: Guid(5428fbf5fe8baa647b32476dfd3cb800) Importer(815301076,1909f56bfc062723c751e8b465ee728b)
Number of updated assets reloaded before import = 0
Start importing Assets/L_FG_Assets_Pack_Lite/L_FG_Assets_Pack_Lite/Meshes/Cart03.FBX using Guid(5428fbf5fe8baa647b32476dfd3cb800) Importer(815301076,1909f56bfc062723c751e8b465ee728b)  -> (artifact id: 'e56db06d446dd4b4f2b535ac7d08e2af') in 0.034831 seconds 
Number of asset objects unloaded after import = 9
========================================================================
Received Import Request.
  Time since last request: 0.000020 seconds.
  path: Assets/Asset Packs/Low Poly Props/cont_1/material/_mat_c_1.mat
  artifactKey: Guid(e5ca1562628ff2a428c5abeae984cce2) Importer(815301076,1909f56bfc062723c751e8b465ee728b)
Number of updated assets reloaded before import = 0
Start importing Assets/Asset Packs/Low Poly Props/cont_1/material/_mat_c_1.mat using Guid(e5ca1562628ff2a428c5abeae984cce2) Importer(815301076,1909f56bfc062723c751e8b465ee728b)  -> (artifact id: '6dd7ab8571d661aa44d08c5b93edc935') in 0.034315 seconds 
Number of asset objects unloaded after import = 2
========================================================================
Received Import Request.
  Time since last request: 0.000030 seconds.
  path: Assets/L_FG_Assets_Pack_Lite/L_FG_Assets_Pack_Lite/Meshes/Gravestone02.FBX
  artifactKey: Guid(3d8f2299d5d62cc4d9b5cb61b5037169) Importer(815301076,1909f56bfc062723c751e8b465ee728b)
Number of updated assets reloaded before import = 0
Start importing Assets/L_FG_Assets_Pack_Lite/L_FG_Assets_Pack_Lite/Meshes/Gravestone02.FBX using Guid(3d8f2299d5d62cc4d9b5cb61b5037169) Importer(815301076,1909f56bfc062723c751e8b465ee728b)  -> (artifact id: '344c683ec73dbe3b600f00053b89a3b9') in 0.031462 seconds 
Number of asset objects unloaded after import = 9
========================================================================
Received Import Request.
  Time since last request: 0.000022 seconds.
  path: Assets/Asset Packs/Standard Assets/Environment/SpeedTree/Broadleaf/Broadleaf_Mobile Materials/LOD2/Branches_0.mat
  artifactKey: Guid(cd764ab8662bea6468202df8741bcfd3) Importer(815301076,1909f56bfc062723c751e8b465ee728b)
Number of updated assets reloaded before import = 0
Start importing Assets/Asset Packs/Standard Assets/Environment/SpeedTree/Broadleaf/Broadleaf_Mobile Materials/LOD2/Branches_0.mat using Guid(cd764ab8662bea6468202df8741bcfd3) Importer(815301076,1909f56bfc062723c751e8b465ee728b)  -> (artifact id: 'acafd3218cc0cdf14402dc26eaf6d069') in 0.021560 seconds 
Number of asset objects unloaded after import = 3
========================================================================
Received Import Request.
  Time since last request: 0.000020 seconds.
  path: Assets/L_FG_Assets_Pack_Lite/L_FG_Assets_Pack_Lite/Meshes/Ground01.FBX
  artifactKey: Guid(83b0b92def3aa774385850f9edd21f1f) Importer(815301076,1909f56bfc062723c751e8b465ee728b)
Number of updated assets reloaded before import = 0
Start importing Assets/L_FG_Assets_Pack_Lite/L_FG_Assets_Pack_Lite/Meshes/Ground01.FBX using Guid(83b0b92def3aa774385850f9edd21f1f) Importer(815301076,1909f56bfc062723c751e8b465ee728b)  -> (artifact id: '48703b23086266e9bd4cc1d0a258ab68') in 0.038866 seconds 
Number of asset objects unloaded after import = 9
========================================================================
Received Import Request.
  Time since last request: 0.000021 seconds.
  path: Assets/L_FG_Assets_Pack_Lite/L_FG_Assets_Pack_Lite/Meshes/Collision/Coffin01_b_col.FBX
  artifactKey: Guid(03fa21db3dcfa9a468363bd9ddba0b40) Importer(815301076,1909f56bfc062723c751e8b465ee728b)
Number of updated assets reloaded before import = 0
Start importing Assets/L_FG_Assets_Pack_Lite/L_FG_Assets_Pack_Lite/Meshes/Collision/Coffin01_b_col.FBX using Guid(03fa21db3dcfa9a468363bd9ddba0b40) Importer(815301076,1909f56bfc062723c751e8b465ee728b)  -> (artifact id: '3c200ff37ef4b34beeca4516519db7fb') in 0.030185 seconds 
Number of asset objects unloaded after import = 7
========================================================================
Received Import Request.
  Time since last request: 0.000056 seconds.
  path: Assets/L_FG_Assets_Pack_Lite/L_FG_Assets_Pack_Lite/Meshes/Dust01.FBX
  artifactKey: Guid(1d4861fb1a450eb4382d0208f25f5c58) Importer(815301076,1909f56bfc062723c751e8b465ee728b)
Number of updated assets reloaded before import = 0
Start importing Assets/L_FG_Assets_Pack_Lite/L_FG_Assets_Pack_Lite/Meshes/Dust01.FBX using Guid(1d4861fb1a450eb4382d0208f25f5c58) Importer(815301076,1909f56bfc062723c751e8b465ee728b)  -> (artifact id: 'f87c51fdccd2fb61c84c5dda71f6685d') in 0.024395 seconds 
Number of asset objects unloaded after import = 9
========================================================================
Received Import Request.
  Time since last request: 0.000026 seconds.
  path: Assets/Asset Packs/Low Poly Props/___PREFABS___/concrete_oval.prefab
  artifactKey: Guid(ae34ae2cca6f6cf469ed2c07f221f483) Importer(815301076,1909f56bfc062723c751e8b465ee728b)
Number of updated assets reloaded before import = 0
Start importing Assets/Asset Packs/Low Poly Props/___PREFABS___/concrete_oval.prefab using Guid(ae34ae2cca6f6cf469ed2c07f221f483) Importer(815301076,1909f56bfc062723c751e8b465ee728b)  -> (artifact id: '18c32e21729286f25d98696552f0af46') in 0.030207 seconds 
Number of asset objects unloaded after import = 12
========================================================================
Received Import Request.
  Time since last request: 0.000019 seconds.
  path: Assets/Asset Packs/Standard Assets/CrossPlatformInput/Prefabs/CarTiltControls.prefab
  artifactKey: Guid(174090ae7f9eff84abe76f0ff062efac) Importer(815301076,1909f56bfc062723c751e8b465ee728b)
Number of updated assets reloaded before import = 0
Start importing Assets/Asset Packs/Standard Assets/CrossPlatformInput/Prefabs/CarTiltControls.prefab using Guid(174090ae7f9eff84abe76f0ff062efac) Importer(815301076,1909f56bfc062723c751e8b465ee728b)  -> (artifact id: '2c094dee392886e8352d8ad5bd4c1678') in 0.040901 seconds 
Number of asset objects unloaded after import = 32
========================================================================
Received Import Request.
  Time since last request: 0.000018 seconds.
  path: Assets/L_FG_Assets_Pack_Lite/L_FG_Assets_Pack_Lite/Materials/Bloom01.mat
  artifactKey: Guid(c8120d15b210bba4bb8cab8f6623dad8) Importer(815301076,1909f56bfc062723c751e8b465ee728b)
Number of updated assets reloaded before import = 0
Start importing Assets/L_FG_Assets_Pack_Lite/L_FG_Assets_Pack_Lite/Materials/Bloom01.mat using Guid(c8120d15b210bba4bb8cab8f6623dad8) Importer(815301076,1909f56bfc062723c751e8b465ee728b)  -> (artifact id: '7c6e39dcd8b722938320e38ec9e6751f') in 0.018874 seconds 
Number of asset objects unloaded after import = 2
========================================================================
Received Import Request.
  Time since last request: 0.000020 seconds.
  path: Assets/Asset Packs/Standard Assets/Environment/SpeedTree/Broadleaf/Broadleaf_Mobile Materials/LOD0/Branches_0.mat
  artifactKey: Guid(bfc1dabf45016eb46b99df1a78054924) Importer(815301076,1909f56bfc062723c751e8b465ee728b)
Number of updated assets reloaded before import = 0
Start importing Assets/Asset Packs/Standard Assets/Environment/SpeedTree/Broadleaf/Broadleaf_Mobile Materials/LOD0/Branches_0.mat using Guid(bfc1dabf45016eb46b99df1a78054924) Importer(815301076,1909f56bfc062723c751e8b465ee728b)  -> (artifact id: 'beee3f34a29ae13d90e5d32cb064004e') in 0.020811 seconds 
Number of asset objects unloaded after import = 3
========================================================================
Received Import Request.
  Time since last request: 0.000018 seconds.
  path: Assets/L_FG_Assets_Pack_Lite/L_FG_Assets_Pack_Lite/Perfabs/Wood_Stuff/Cart04.prefab
  artifactKey: Guid(55aa49c292af7574c9a84c4aa5b2faf0) Importer(815301076,1909f56bfc062723c751e8b465ee728b)
Number of updated assets reloaded before import = 0
Start importing Assets/L_FG_Assets_Pack_Lite/L_FG_Assets_Pack_Lite/Perfabs/Wood_Stuff/Cart04.prefab using Guid(55aa49c292af7574c9a84c4aa5b2faf0) Importer(815301076,1909f56bfc062723c751e8b465ee728b)  -> (artifact id: 'a9c327bca6b8b43c4c9f35a6b423a262') in 0.018350 seconds 
Number of asset objects unloaded after import = 10
========================================================================
Received Import Request.
  Time since last request: 0.000018 seconds.
  path: Assets/Asset Packs/Standard Assets/Prototyping/Models/FloorPrototype04x01x04.fbx
  artifactKey: Guid(080bc076ed19adb4091adca05de83d66) Importer(815301076,1909f56bfc062723c751e8b465ee728b)
Number of updated assets reloaded before import = 0
Start importing Assets/Asset Packs/Standard Assets/Prototyping/Models/FloorPrototype04x01x04.fbx using Guid(080bc076ed19adb4091adca05de83d66) Importer(815301076,1909f56bfc062723c751e8b465ee728b)  -> (artifact id: 'd1581705ae933b2effaaf9f398ecafb1') in 0.030419 seconds 
Number of asset objects unloaded after import = 10
========================================================================
Received Import Request.
  Time since last request: 0.000025 seconds.
  path: Assets/Asset Packs/Standard Assets/Characters/ThirdPersonCharacter/Prefabs/AIThirdPersonController.prefab
  artifactKey: Guid(54eb5844754051b40a918a84c33b7c1a) Importer(815301076,1909f56bfc062723c751e8b465ee728b)
Number of updated assets reloaded before import = 0
Start importing Assets/Asset Packs/Standard Assets/Characters/ThirdPersonCharacter/Prefabs/AIThirdPersonController.prefab using Guid(54eb5844754051b40a918a84c33b7c1a) Importer(815301076,1909f56bfc062723c751e8b465ee728b)  -> (artifact id: '0a4c0cd71c32285a556d86d6259750be') in 0.133958 seconds 
Internal: There are remaining Allocations on the JobTempAlloc. This is a leak, and will impact performance
To Debug, run app with -diag-job-temp-memory-leak-validation cmd line argument. This will output the callstacks of the leaked allocations.
Number of asset objects unloaded after import = 224
========================================================================
Received Import Request.
  Time since last request: 651.296672 seconds.
  path: Assets/Toby Fredson/Dwarven Expedition Pack - Stylized Assets/Prefabs/Dwarven Dungeon Entrance_Scene.prefab
  artifactKey: Guid(6cd36f5ade0ee474ab43ad38e0ba25b6) Importer(815301076,1909f56bfc062723c751e8b465ee728b)
Number of updated assets reloaded before import = 0
Start importing Assets/Toby Fredson/Dwarven Expedition Pack - Stylized Assets/Prefabs/Dwarven Dungeon Entrance_Scene.prefab using Guid(6cd36f5ade0ee474ab43ad38e0ba25b6) Importer(815301076,1909f56bfc062723c751e8b465ee728b)  -> (artifact id: '96f362f0e1907e55e040f6edf7f3ecd2') in 0.639026 seconds 
Internal: There are remaining Allocations on the JobTempAlloc. This is a leak, and will impact performance
To Debug, run app with -diag-job-temp-memory-leak-validation cmd line argument. This will output the callstacks of the leaked allocations.
Number of asset objects unloaded after import = 70
========================================================================
Received Import Request.
  Time since last request: 3.457885 seconds.
  path: Assets/Toby Fredson/Dwarven Expedition Pack - Stylized Assets/FreePack vs Full Pack/Full Pack.jpg
  artifactKey: Guid(16a9db3850161c8409d918081fbbae62) Importer(815301076,1909f56bfc062723c751e8b465ee728b)
Number of updated assets reloaded before import = 0
Start importing Assets/Toby Fredson/Dwarven Expedition Pack - Stylized Assets/FreePack vs Full Pack/Full Pack.jpg using Guid(16a9db3850161c8409d918081fbbae62) Importer(815301076,1909f56bfc062723c751e8b465ee728b)  -> (artifact id: '0c7862f2cbe0d604e9b182748f894ee9') in 0.074662 seconds 
Internal: There are remaining Allocations on the JobTempAlloc. This is a leak, and will impact performance
To Debug, run app with -diag-job-temp-memory-leak-validation cmd line argument. This will output the callstacks of the leaked allocations.
Number of asset objects unloaded after import = 2
========================================================================
Received Import Request.
  Time since last request: 7.962501 seconds.
  path: Assets/Toby Fredson/Dwarven Expedition Pack - Stylized Assets/Prefabs/DungeonStructureHeadDEP_ST.prefab
  artifactKey: Guid(19f0d44f83181c64aaee4796197eb52b) Importer(815301076,1909f56bfc062723c751e8b465ee728b)
Number of updated assets reloaded before import = 0
Start importing Assets/Toby Fredson/Dwarven Expedition Pack - Stylized Assets/Prefabs/DungeonStructureHeadDEP_ST.prefab using Guid(19f0d44f83181c64aaee4796197eb52b) Importer(815301076,1909f56bfc062723c751e8b465ee728b)  -> (artifact id: '5492e9decbd2b5673d61e804a4853191') in 0.407215 seconds 
Internal: There are remaining Allocations on the JobTempAlloc. This is a leak, and will impact performance
To Debug, run app with -diag-job-temp-memory-leak-validation cmd line argument. This will output the callstacks of the leaked allocations.
Number of asset objects unloaded after import = 35
========================================================================
Received Import Request.
  Time since last request: 0.000027 seconds.
  path: Assets/Toby Fredson/Dwarven Expedition Pack - Stylized Assets/Prefabs/SuportBeamDDEP_ST.prefab
  artifactKey: Guid(86aec6df794e71547af8e1258dbb0aea) Importer(815301076,1909f56bfc062723c751e8b465ee728b)
Number of updated assets reloaded before import = 0
Start importing Assets/Toby Fredson/Dwarven Expedition Pack - Stylized Assets/Prefabs/SuportBeamDDEP_ST.prefab using Guid(86aec6df794e71547af8e1258dbb0aea) Importer(815301076,1909f56bfc062723c751e8b465ee728b)  -> (artifact id: '382c9ff38ca9c24f6900437c57c625a0') in 0.029543 seconds 
Internal: There are remaining Allocations on the JobTempAlloc. This is a leak, and will impact performance
To Debug, run app with -diag-job-temp-memory-leak-validation cmd line argument. This will output the callstacks of the leaked allocations.
Number of asset objects unloaded after import = 12
========================================================================
Received Import Request.
  Time since last request: 0.000035 seconds.
  path: Assets/Toby Fredson/Dwarven Expedition Pack - Stylized Assets/Prefabs/SuportBeamBDEP_ST.prefab
  artifactKey: Guid(396ec105a7b8ac34b8282db4b9cd0b0a) Importer(815301076,1909f56bfc062723c751e8b465ee728b)
Number of updated assets reloaded before import = 0
Start importing Assets/Toby Fredson/Dwarven Expedition Pack - Stylized Assets/Prefabs/SuportBeamBDEP_ST.prefab using Guid(396ec105a7b8ac34b8282db4b9cd0b0a) Importer(815301076,1909f56bfc062723c751e8b465ee728b)  -> (artifact id: '3ac4db001ee314324238388e9a69080e') in 0.030871 seconds 
Internal: There are remaining Allocations on the JobTempAlloc. This is a leak, and will impact performance
To Debug, run app with -diag-job-temp-memory-leak-validation cmd line argument. This will output the callstacks of the leaked allocations.
Number of asset objects unloaded after import = 12
========================================================================
Received Import Request.
  Time since last request: 0.000325 seconds.
  path: Assets/Toby Fredson/Dwarven Expedition Pack - Stylized Assets/Prefabs/WallPropsMidle_ST.prefab
  artifactKey: Guid(2998b5d34fc488545954a5e01b0462f1) Importer(815301076,1909f56bfc062723c751e8b465ee728b)
Number of updated assets reloaded before import = 0
Start importing Assets/Toby Fredson/Dwarven Expedition Pack - Stylized Assets/Prefabs/WallPropsMidle_ST.prefab using Guid(2998b5d34fc488545954a5e01b0462f1) Importer(815301076,1909f56bfc062723c751e8b465ee728b)  -> (artifact id: 'e14ff4d2a8e8e9092acc640fd33805e5') in 0.050013 seconds 
Internal: There are remaining Allocations on the JobTempAlloc. This is a leak, and will impact performance
To Debug, run app with -diag-job-temp-memory-leak-validation cmd line argument. This will output the callstacks of the leaked allocations.
Number of asset objects unloaded after import = 12
========================================================================
Received Import Request.
  Time since last request: 0.000026 seconds.
  path: Assets/Toby Fredson/Dwarven Expedition Pack - Stylized Assets/Prefabs/WallBlockA03ADEP.prefab
  artifactKey: Guid(f881312789ac37f4e9a109e0dfd84b73) Importer(815301076,1909f56bfc062723c751e8b465ee728b)
Number of updated assets reloaded before import = 0
Start importing Assets/Toby Fredson/Dwarven Expedition Pack - Stylized Assets/Prefabs/WallBlockA03ADEP.prefab using Guid(f881312789ac37f4e9a109e0dfd84b73) Importer(815301076,1909f56bfc062723c751e8b465ee728b)  -> (artifact id: '990993978ffbb25531804ff775ebf0db') in 0.029429 seconds 
Internal: There are remaining Allocations on the JobTempAlloc. This is a leak, and will impact performance
To Debug, run app with -diag-job-temp-memory-leak-validation cmd line argument. This will output the callstacks of the leaked allocations.
Number of asset objects unloaded after import = 13
========================================================================
Received Import Request.
  Time since last request: 0.000027 seconds.
  path: Assets/Toby Fredson/Dwarven Expedition Pack - Stylized Assets/Prefabs/DungeonStructureTowerDEP_ST.prefab
  artifactKey: Guid(3bdfacaee031fad44a81bc6c2a67d179) Importer(815301076,1909f56bfc062723c751e8b465ee728b)
Number of updated assets reloaded before import = 0
Start importing Assets/Toby Fredson/Dwarven Expedition Pack - Stylized Assets/Prefabs/DungeonStructureTowerDEP_ST.prefab using Guid(3bdfacaee031fad44a81bc6c2a67d179) Importer(815301076,1909f56bfc062723c751e8b465ee728b)  -> (artifact id: 'bfea067277d34c90f8da03317900267b') in 0.054996 seconds 
Internal: There are remaining Allocations on the JobTempAlloc. This is a leak, and will impact performance
To Debug, run app with -diag-job-temp-memory-leak-validation cmd line argument. This will output the callstacks of the leaked allocations.
Number of asset objects unloaded after import = 12
========================================================================
Received Import Request.
  Time since last request: 0.000023 seconds.
  path: Assets/Toby Fredson/Dwarven Expedition Pack - Stylized Assets/Prefabs/WallPropsBottomA_ST.prefab
  artifactKey: Guid(fee4035f303fb1e48b130b830c23f49a) Importer(815301076,1909f56bfc062723c751e8b465ee728b)
Number of updated assets reloaded before import = 0
Start importing Assets/Toby Fredson/Dwarven Expedition Pack - Stylized Assets/Prefabs/WallPropsBottomA_ST.prefab using Guid(fee4035f303fb1e48b130b830c23f49a) Importer(815301076,1909f56bfc062723c751e8b465ee728b)  -> (artifact id: 'eb700c949814c3c045e3175549403549') in 0.060558 seconds 
Internal: There are remaining Allocations on the JobTempAlloc. This is a leak, and will impact performance
To Debug, run app with -diag-job-temp-memory-leak-validation cmd line argument. This will output the callstacks of the leaked allocations.
Number of asset objects unloaded after import = 12
========================================================================
Received Import Request.
  Time since last request: 0.000037 seconds.
  path: Assets/Toby Fredson/Dwarven Expedition Pack - Stylized Assets/Prefabs/SuportBeamADEP_ST.prefab
  artifactKey: Guid(05621cf18ffdbc347a5dedd09d576380) Importer(815301076,1909f56bfc062723c751e8b465ee728b)
Number of updated assets reloaded before import = 0
Start importing Assets/Toby Fredson/Dwarven Expedition Pack - Stylized Assets/Prefabs/SuportBeamADEP_ST.prefab using Guid(05621cf18ffdbc347a5dedd09d576380) Importer(815301076,1909f56bfc062723c751e8b465ee728b)  -> (artifact id: 'b0f173e87fb6558e08765ef3f80b4d0f') in 0.030930 seconds 
Internal: There are remaining Allocations on the JobTempAlloc. This is a leak, and will impact performance
To Debug, run app with -diag-job-temp-memory-leak-validation cmd line argument. This will output the callstacks of the leaked allocations.
Number of asset objects unloaded after import = 12
========================================================================
Received Import Request.
  Time since last request: 0.000030 seconds.
  path: Assets/Toby Fredson/Dwarven Expedition Pack - Stylized Assets/Prefabs/WallPropsWindowA1_ST.prefab
  artifactKey: Guid(39d703c5b34d9a54985ce84532b098da) Importer(815301076,1909f56bfc062723c751e8b465ee728b)
Number of updated assets reloaded before import = 0
Start importing Assets/Toby Fredson/Dwarven Expedition Pack - Stylized Assets/Prefabs/WallPropsWindowA1_ST.prefab using Guid(39d703c5b34d9a54985ce84532b098da) Importer(815301076,1909f56bfc062723c751e8b465ee728b)  -> (artifact id: 'd8512cd43c42c072c5dc63ceb4717b1b') in 0.075756 seconds 
Internal: There are remaining Allocations on the JobTempAlloc. This is a leak, and will impact performance
To Debug, run app with -diag-job-temp-memory-leak-validation cmd line argument. This will output the callstacks of the leaked allocations.
Number of asset objects unloaded after import = 12
========================================================================
Received Import Request.
  Time since last request: 0.000037 seconds.
  path: Assets/Toby Fredson/Dwarven Expedition Pack - Stylized Assets/Prefabs/WallPropsTopA_ST.prefab
  artifactKey: Guid(024b7e337c87e0149a4cbcfd8292ce7e) Importer(815301076,1909f56bfc062723c751e8b465ee728b)
Number of updated assets reloaded before import = 0
Start importing Assets/Toby Fredson/Dwarven Expedition Pack - Stylized Assets/Prefabs/WallPropsTopA_ST.prefab using Guid(024b7e337c87e0149a4cbcfd8292ce7e) Importer(815301076,1909f56bfc062723c751e8b465ee728b)  -> (artifact id: 'cc7545a19b73c5f27dccf881904dbf67') in 0.058720 seconds 
Internal: JobTempAlloc has allocations that are more than the maximum lifespan of 4 frames old - this is not allowed and likely a leak
To Debug, run app with -diag-job-temp-memory-leak-validation cmd line argument. This will output the callstacks of the leaked allocations.
Internal: There are remaining Allocations on the JobTempAlloc. This is a leak, and will impact performance
To Debug, run app with -diag-job-temp-memory-leak-validation cmd line argument. This will output the callstacks of the leaked allocations.
Number of asset objects unloaded after import = 12
========================================================================
Received Import Request.
  Time since last request: 0.000025 seconds.
  path: Assets/Toby Fredson/Dwarven Expedition Pack - Stylized Assets/Prefabs/WallPropsBottomB_ST.prefab
  artifactKey: Guid(4a5671e23279ff243b82037573e55e4a) Importer(815301076,1909f56bfc062723c751e8b465ee728b)
Number of updated assets reloaded before import = 0
Start importing Assets/Toby Fredson/Dwarven Expedition Pack - Stylized Assets/Prefabs/WallPropsBottomB_ST.prefab using Guid(4a5671e23279ff243b82037573e55e4a) Importer(815301076,1909f56bfc062723c751e8b465ee728b)  -> (artifact id: '931e62618fb7d5c7d08db10aa3d68957') in 0.062204 seconds 
Internal: There are remaining Allocations on the JobTempAlloc. This is a leak, and will impact performance
To Debug, run app with -diag-job-temp-memory-leak-validation cmd line argument. This will output the callstacks of the leaked allocations.
Number of asset objects unloaded after import = 12
Editor requested this worker to shutdown with reason: Scaling down because of idle timeout
TcpMessagingSession - receive error: operation aborted. errorcode: 995, details: The I/O operation has been aborted because of either a thread exit or an application request.
AssetImportWorker is now disconnected from the server
Process exiting
Exiting without the bug reporter. Application will terminate with return code 0