Using pre-set license
Built from '2022.2/release' branch; Version is '2022.2.1f1 (4fead5835099) revision 5237461'; Using compiler version '192829333'; Build Type 'Release'
OS: 'Windows 11  (10.0.22621) 64bit Core' Language: 'en' Physical Memory: 15714 MB
BatchMode: 1, IsHumanControllingUs: 0, StartBugReporterOnCrash: 0, Is64bit: 1, IsPro: 1

COMMAND LINE ARGUMENTS:
C:\Program Files\Unity\Hub\Editor\2022.2.1f1\Editor\Unity.exe
-adb2
-batchMode
-noUpm
-name
AssetImportWorker4
-projectPath
C:/Program Files/Github/Swarm/6_Zombie_Runner
-logFile
Logs/AssetImportWorker4.log
-srvPort
58939
Successfully changed project path to: C:/Program Files/Github/Swarm/6_Zombie_Runner
C:/Program Files/Github/Swarm/6_Zombie_Runner
[UnityMemory] Configuration Parameters - Can be set up in boot.config
    "memorysetup-bucket-allocator-granularity=16"
    "memorysetup-bucket-allocator-bucket-count=8"
    "memorysetup-bucket-allocator-block-size=33554432"
    "memorysetup-bucket-allocator-block-count=8"
    "memorysetup-main-allocator-block-size=16777216"
    "memorysetup-thread-allocator-block-size=16777216"
    "memorysetup-gfx-main-allocator-block-size=16777216"
    "memorysetup-gfx-thread-allocator-block-size=16777216"
    "memorysetup-cache-allocator-block-size=4194304"
    "memorysetup-typetree-allocator-block-size=2097152"
    "memorysetup-profiler-bucket-allocator-granularity=16"
    "memorysetup-profiler-bucket-allocator-bucket-count=8"
    "memorysetup-profiler-bucket-allocator-block-size=33554432"
    "memorysetup-profiler-bucket-allocator-block-count=8"
    "memorysetup-profiler-allocator-block-size=16777216"
    "memorysetup-profiler-editor-allocator-block-size=1048576"
    "memorysetup-temp-allocator-size-main=16777216"
    "memorysetup-job-temp-allocator-block-size=2097152"
    "memorysetup-job-temp-allocator-block-size-background=1048576"
    "memorysetup-job-temp-allocator-reduction-small-platforms=262144"
    "memorysetup-temp-allocator-size-background-worker=32768"
    "memorysetup-temp-allocator-size-job-worker=262144"
    "memorysetup-temp-allocator-size-preload-manager=33554432"
    "memorysetup-temp-allocator-size-nav-mesh-worker=65536"
    "memorysetup-temp-allocator-size-audio-worker=65536"
    "memorysetup-temp-allocator-size-cloud-worker=32768"
    "memorysetup-temp-allocator-size-gi-baking-worker=262144"
    "memorysetup-temp-allocator-size-gfx=262144"
Player connection [51148] Host "[IP] 10.100.102.53 [Port] 0 [Flags] 2 [Guid] 972921445 [EditorId] 972921445 [Version] 1048832 [Id] WindowsEditor(7,Noam) [Debug] 1 [PackageName] WindowsEditor [ProjectName] Editor" joined multi-casting on [225.0.0.222:54997]...

Player connection [51148] Host "[IP] 10.100.102.53 [Port] 0 [Flags] 2 [Guid] 972921445 [EditorId] 972921445 [Version] 1048832 [Id] WindowsEditor(7,Noam) [Debug] 1 [PackageName] WindowsEditor [ProjectName] Editor" joined alternative multi-casting on [225.0.0.222:34997]...

Refreshing native plugins compatible for Editor in 67.85 ms, found 2 plugins.
Preloading 0 native plugins for Editor in 0.00 ms.
Initialize engine version: 2022.2.1f1 (4fead5835099)
[Subsystems] Discovering subsystems at path C:/Program Files/Unity/Hub/Editor/2022.2.1f1/Editor/Data/Resources/UnitySubsystems
[Subsystems] Discovering subsystems at path C:/Program Files/Github/Swarm/6_Zombie_Runner/Assets
GfxDevice: creating device client; threaded=0; jobified=0
Direct3D:
    Version:  Direct3D 11.0 [level 11.1]
    Renderer: NVIDIA GeForce RTX 3070 Laptop GPU (ID=0x249d)
    Vendor:   NVIDIA
    VRAM:     8033 MB
    Driver:   31.0.15.3114
Initialize mono
Mono path[0] = 'C:/Program Files/Unity/Hub/Editor/2022.2.1f1/Editor/Data/Managed'
Mono path[1] = 'C:/Program Files/Unity/Hub/Editor/2022.2.1f1/Editor/Data/MonoBleedingEdge/lib/mono/unityjit-win32'
Mono config path = 'C:/Program Files/Unity/Hub/Editor/2022.2.1f1/Editor/Data/MonoBleedingEdge/etc'
Using monoOptions --debugger-agent=transport=dt_socket,embedding=1,server=y,suspend=n,address=127.0.0.1:56404
Begin MonoManager ReloadAssembly
Registering precompiled unity dll's ...
Register platform support module: C:/Program Files/Unity/Hub/Editor/2022.2.1f1/Editor/Data/PlaybackEngines/AndroidPlayer/UnityEditor.Android.Extensions.dll
Register platform support module: C:/Program Files/Unity/Hub/Editor/2022.2.1f1/Editor/Data/PlaybackEngines/iOSSupport/UnityEditor.iOS.Extensions.dll
Register platform support module: C:/Program Files/Unity/Hub/Editor/2022.2.1f1/Editor/Data/PlaybackEngines/WindowsStandaloneSupport/UnityEditor.WindowsStandalone.Extensions.dll
Registered in 0.012704 seconds.
- Loaded All Assemblies, in  0.320 seconds
Native extension for WindowsStandalone target not found
[usbmuxd] Start listen thread
[usbmuxd] Listen thread started
Native extension for iOS target not found
Native extension for Android target not found
Android Extension - Scanning For ADB Devices 279 ms
Mono: successfully reloaded assembly
- Finished resetting the current domain, in  0.542 seconds
Domain Reload Profiling:
	ReloadAssembly (197ms)
		BeginReloadAssembly (91ms)
			ExecutionOrderSort (0ms)
			DisableScriptedObjects (0ms)
			BackupInstance (0ms)
			ReleaseScriptingObjects (0ms)
			CreateAndSetChildDomain (1ms)
		LoadAllAssembliesAndSetupDomain (0ms)
			LoadAssemblies (89ms)
			RebuildTransferFunctionScriptingTraits (0ms)
			SetupTypeCache (113ms)
				TypeCache.Initialize (112ms)
					TypeCache.ScanAssembly (111ms)
				ResolveRequiredComponents (0ms)
		FinalizeReload (0ms)
			ReleaseScriptCaches (0ms)
			RebuildScriptCaches (0ms)
			SetupLoadedEditorAssemblies (491ms)
				LogAssemblyErrors (0ms)
				InitializePlatformSupportModulesInManaged (364ms)
				SetLoadedEditorAssemblies (5ms)
				RefreshPlugins (0ms)
				BeforeProcessingInitializeOnLoad (1ms)
				ProcessInitializeOnLoadAttributes (86ms)
				ProcessInitializeOnLoadMethodAttributes (36ms)
				AfterProcessingInitializeOnLoad (0ms)
				EditorAssembliesLoaded (0ms)
			ExecutionOrderSort2 (0ms)
			AwakeInstancesAfterBackupRestoration (0ms)
========================================================================
Worker process is ready to serve import requests
Begin MonoManager ReloadAssembly
- Loaded All Assemblies, in  0.624 seconds
Refreshing native plugins compatible for Editor in 22.66 ms, found 2 plugins.
Native extension for WindowsStandalone target not found
Native extension for iOS target not found
Native extension for Android target not found
Package Manager log level set to [2]
[Package Manager] Server::EnsureServerProcessIsRunning -- launch failed, reason: Unity was launched with the -noUpm command-line argument
[Package Manager] UpmClient::Send -- Unable to send message (not connected to UPM process).
[Package Manager] Cannot connect to Unity Package Manager local server
Mono: successfully reloaded assembly
- Finished resetting the current domain, in  0.576 seconds
Domain Reload Profiling:
	ReloadAssembly (209ms)
		BeginReloadAssembly (115ms)
			ExecutionOrderSort (0ms)
			DisableScriptedObjects (4ms)
			BackupInstance (0ms)
			ReleaseScriptingObjects (0ms)
			CreateAndSetChildDomain (22ms)
		LoadAllAssembliesAndSetupDomain (411ms)
			LoadAssemblies (143ms)
			RebuildTransferFunctionScriptingTraits (0ms)
			SetupTypeCache (315ms)
				TypeCache.Initialize (200ms)
					TypeCache.ScanAssembly (195ms)
				ResolveRequiredComponents (4ms)
		FinalizeReload (0ms)
			ReleaseScriptCaches (0ms)
			RebuildScriptCaches (0ms)
			SetupLoadedEditorAssemblies (452ms)
				LogAssemblyErrors (0ms)
				InitializePlatformSupportModulesInManaged (26ms)
				SetLoadedEditorAssemblies (4ms)
				RefreshPlugins (0ms)
				BeforeProcessingInitializeOnLoad (71ms)
				ProcessInitializeOnLoadAttributes (220ms)
				ProcessInitializeOnLoadMethodAttributes (124ms)
				AfterProcessingInitializeOnLoad (8ms)
				EditorAssembliesLoaded (0ms)
			ExecutionOrderSort2 (0ms)
			AwakeInstancesAfterBackupRestoration (6ms)
Launched and connected shader compiler UnityShaderCompiler.exe after 0.09 seconds
Refreshing native plugins compatible for Editor in 27.03 ms, found 2 plugins.
Preloading 0 native plugins for Editor in 0.00 ms.
Unloading 3005 Unused Serialized files (Serialized files now loaded: 0)
Unloading 111 unused Assets / (478.1 KB). Loaded Objects now: 3406.
Memory consumption went from 483.7 MB to 483.3 MB.
Total: 8.108000 ms (FindLiveObjects: 0.461500 ms CreateObjectMapping: 0.302500 ms MarkObjects: 6.927000 ms  DeleteObjects: 0.415900 ms)

AssetImportParameters requested are different than current active one (requested -> active):
  custom:video-decoder-webm-vp8: 9c59270c3fd7afecdb556c50c9e8de78 -> 
  custom:container-demuxer-ogg: 62fdf1f143b41e24485cea50d1cbac27 -> 
  custom:AudioImporter_EditorPlatform: d09bf68614088b80899f8185d706f6e7 -> 
  custom:video-codec-MediaFoundation-h265: 746d11721c4dcdbdad8f713fa42b33f4 -> 
  custom:video-decoder-ogg-theora: a1e56fd34408186e4bbccfd4996cb3dc -> 
  custom:framework-win-MediaFoundation: 216162199b28c13a410421893ffa2e32 -> 
  custom:video-encoder-webm-vp8: eb34c28f22e8b96e1ab97ce403110664 -> 
  custom:audio-decoder-ogg-vorbis: bf7c407c2cedff20999df2af8eb42d56 -> 
  custom:container-demuxer-webm: 4f35f7cbe854078d1ac9338744f61a02 -> 
  custom:audio-encoder-webm-vorbis: bf7c407c2cedff20999df2af8eb42d56 -> 
  custom:container-muxer-webm: aa71ff27fc2769a1b78a27578f13a17b -> 
========================================================================
Received Import Request.
  Time since last request: 190675.806235 seconds.
  path: Assets/Asset Packs/Standard Assets/Characters/FirstPersonCharacter
  artifactKey: Guid(943e057eaae705e43b9e9b2e53d6adb0) Importer(815301076,1909f56bfc062723c751e8b465ee728b)
Number of updated assets reloaded before import = 0
Start importing Assets/Asset Packs/Standard Assets/Characters/FirstPersonCharacter using Guid(943e057eaae705e43b9e9b2e53d6adb0) Importer(815301076,1909f56bfc062723c751e8b465ee728b)  -> (artifact id: '0252aa4d61ba02124654b714123fa11b') in 0.008223 seconds 
Number of asset objects unloaded after import = 0
========================================================================
Received Import Request.
  Time since last request: 1.538425 seconds.
  path: Assets/Asset Packs/Standard Assets/Characters/FirstPersonCharacter/Prefabs
  artifactKey: Guid(0bfb2599080d5d24e84362b4ae314ae7) Importer(815301076,1909f56bfc062723c751e8b465ee728b)
Number of updated assets reloaded before import = 0
Start importing Assets/Asset Packs/Standard Assets/Characters/FirstPersonCharacter/Prefabs using Guid(0bfb2599080d5d24e84362b4ae314ae7) Importer(815301076,1909f56bfc062723c751e8b465ee728b)  -> (artifact id: '050851155095b6242b1ec1ffb48ec9fb') in 0.006191 seconds 
Number of asset objects unloaded after import = 0
========================================================================
Received Import Request.
  Time since last request: 0.030996 seconds.
  path: Assets/Asset Packs/Standard Assets/Characters/FirstPersonCharacter/Prefabs/FPSController.prefab
  artifactKey: Guid(5e9e851c0e142814dac026a256ba2ac0) Importer(815301076,1909f56bfc062723c751e8b465ee728b)
Number of updated assets reloaded before import = 0
Start importing Assets/Asset Packs/Standard Assets/Characters/FirstPersonCharacter/Prefabs/FPSController.prefab using Guid(5e9e851c0e142814dac026a256ba2ac0) Importer(815301076,1909f56bfc062723c751e8b465ee728b)  -> (artifact id: 'dea3de60e211727dfeb3ce98de37521d') in 0.043164 seconds 
Number of asset objects unloaded after import = 17
========================================================================
Received Import Request.
  Time since last request: 7.938884 seconds.
  path: Assets/Scenes/ZR-Level-Plan.jpg
  artifactKey: Guid(c27a87ff21b223440820875817b50243) Importer(815301076,1909f56bfc062723c751e8b465ee728b)
Number of updated assets reloaded before import = 0
Start importing Assets/Scenes/ZR-Level-Plan.jpg using Guid(c27a87ff21b223440820875817b50243) Importer(815301076,1909f56bfc062723c751e8b465ee728b)  -> (artifact id: 'efd9dfe301ae3c1f573cf5bbdd8c5196') in 0.075251 seconds 
Number of asset objects unloaded after import = 3
========================================================================
Received Import Request.
  Time since last request: 2.781917 seconds.
  path: Assets/Scenes/Asylum.unity
  artifactKey: Guid(8ecd08979d9a71346b5b9c72a695b586) Importer(815301076,1909f56bfc062723c751e8b465ee728b)
Number of updated assets reloaded before import = 0
Start importing Assets/Scenes/Asylum.unity using Guid(8ecd08979d9a71346b5b9c72a695b586) Importer(815301076,1909f56bfc062723c751e8b465ee728b)  -> (artifact id: 'cc620b58275310ef418c130f22b8fd9b') in 0.006689 seconds 
Number of asset objects unloaded after import = 0
========================================================================
Received Import Request.
  Time since last request: 0.610379 seconds.
  path: Assets/Scenes/Sandbox.unity
  artifactKey: Guid(9fc0d4010bbf28b4594072e72b8655ab) Importer(815301076,1909f56bfc062723c751e8b465ee728b)
Number of updated assets reloaded before import = 0
Start importing Assets/Scenes/Sandbox.unity using Guid(9fc0d4010bbf28b4594072e72b8655ab) Importer(815301076,1909f56bfc062723c751e8b465ee728b)  -> (artifact id: '4ecf1339cbb97b1b00b220c6ac026510') in 0.006385 seconds 
Number of asset objects unloaded after import = 0
========================================================================
Received Prepare
Begin MonoManager ReloadAssembly
- Loaded All Assemblies, in  0.529 seconds
Refreshing native plugins compatible for Editor in 32.87 ms, found 2 plugins.
Native extension for WindowsStandalone target not found
Native extension for iOS target not found
Native extension for Android target not found
[Package Manager] Server::EnsureServerProcessIsRunning -- launch failed, reason: Unity was launched with the -noUpm command-line argument
[Package Manager] UpmClient::Send -- Unable to send message (not connected to UPM process).
[Package Manager] Cannot connect to Unity Package Manager local server
Mono: successfully reloaded assembly
- Finished resetting the current domain, in  1.392 seconds
Domain Reload Profiling:
	ReloadAssembly (206ms)
		BeginReloadAssembly (141ms)
			ExecutionOrderSort (0ms)
			DisableScriptedObjects (5ms)
			BackupInstance (0ms)
			ReleaseScriptingObjects (0ms)
			CreateAndSetChildDomain (40ms)
		LoadAllAssembliesAndSetupDomain (319ms)
			LoadAssemblies (100ms)
			RebuildTransferFunctionScriptingTraits (0ms)
			SetupTypeCache (272ms)
				TypeCache.Initialize (184ms)
					TypeCache.ScanAssembly (178ms)
				ResolveRequiredComponents (3ms)
		FinalizeReload (0ms)
			ReleaseScriptCaches (0ms)
			RebuildScriptCaches (0ms)
			SetupLoadedEditorAssemblies (540ms)
				LogAssemblyErrors (0ms)
				InitializePlatformSupportModulesInManaged (39ms)
				SetLoadedEditorAssemblies (6ms)
				RefreshPlugins (0ms)
				BeforeProcessingInitializeOnLoad (96ms)
				ProcessInitializeOnLoadAttributes (252ms)
				ProcessInitializeOnLoadMethodAttributes (138ms)
				AfterProcessingInitializeOnLoad (10ms)
				EditorAssembliesLoaded (0ms)
			ExecutionOrderSort2 (0ms)
			AwakeInstancesAfterBackupRestoration (8ms)
Refreshing native plugins compatible for Editor in 30.41 ms, found 2 plugins.
Preloading 0 native plugins for Editor in 0.00 ms.
Unloading 2953 Unused Serialized files (Serialized files now loaded: 0)
Unloading 102 unused Assets / (444.2 KB). Loaded Objects now: 3415.
Memory consumption went from 476.5 MB to 476.1 MB.
Total: 8.373800 ms (FindLiveObjects: 0.349100 ms CreateObjectMapping: 0.194700 ms MarkObjects: 7.336700 ms  DeleteObjects: 0.491700 ms)

AssetImportParameters requested are different than current active one (requested -> active):
  custom:video-decoder-webm-vp8: 9c59270c3fd7afecdb556c50c9e8de78 -> 
  custom:container-demuxer-ogg: 62fdf1f143b41e24485cea50d1cbac27 -> 
  custom:AudioImporter_EditorPlatform: d09bf68614088b80899f8185d706f6e7 -> 
  custom:video-codec-MediaFoundation-h265: 746d11721c4dcdbdad8f713fa42b33f4 -> 
  custom:video-decoder-ogg-theora: a1e56fd34408186e4bbccfd4996cb3dc -> 
  custom:framework-win-MediaFoundation: 216162199b28c13a410421893ffa2e32 -> 
  custom:video-encoder-webm-vp8: eb34c28f22e8b96e1ab97ce403110664 -> 
  custom:audio-decoder-ogg-vorbis: bf7c407c2cedff20999df2af8eb42d56 -> 
  custom:container-demuxer-webm: 4f35f7cbe854078d1ac9338744f61a02 -> 
  custom:audio-encoder-webm-vorbis: bf7c407c2cedff20999df2af8eb42d56 -> 
  custom:container-muxer-webm: aa71ff27fc2769a1b78a27578f13a17b -> 
========================================================================
Received Import Request.
  Time since last request: 469.241982 seconds.
  path: Assets/L_FG_Assets_Pack_Lite 1.zip
  artifactKey: Guid(d7983257571aaef4ba1785ad47bc1519) Importer(815301076,1909f56bfc062723c751e8b465ee728b)
Number of updated assets reloaded before import = 0
Start importing Assets/L_FG_Assets_Pack_Lite 1.zip using Guid(d7983257571aaef4ba1785ad47bc1519) Importer(815301076,1909f56bfc062723c751e8b465ee728b)  -> (artifact id: 'fbae580d335f6e656f403209ee01d0b4') in 0.019986 seconds 
Number of asset objects unloaded after import = 1
========================================================================
Received Import Request.
  Time since last request: 2.308540 seconds.
  path: Assets/L_FG_Assets_Pack_Lite.zip
  artifactKey: Guid(6fad4948c6425244b83c7a1b7dc31a21) Importer(815301076,1909f56bfc062723c751e8b465ee728b)
Number of updated assets reloaded before import = 0
Start importing Assets/L_FG_Assets_Pack_Lite.zip using Guid(6fad4948c6425244b83c7a1b7dc31a21) Importer(815301076,1909f56bfc062723c751e8b465ee728b)  -> (artifact id: '6088c9988c67f67371132fa05e115705') in 0.006739 seconds 
Number of asset objects unloaded after import = 1
========================================================================
Received Import Request.
  Time since last request: 65.590341 seconds.
  path: Assets/_TerrainAutoUpgrade
  artifactKey: Guid(9936201538d18e241aa8aadfe51bb3a9) Importer(815301076,1909f56bfc062723c751e8b465ee728b)
Number of updated assets reloaded before import = 0
Start importing Assets/_TerrainAutoUpgrade using Guid(9936201538d18e241aa8aadfe51bb3a9) Importer(815301076,1909f56bfc062723c751e8b465ee728b)  -> (artifact id: 'b2728a8ac83037d3ae760c5957b5fc40') in 0.006630 seconds 
Number of asset objects unloaded after import = 0
========================================================================
Received Import Request.
  Time since last request: 0.120451 seconds.
  path: Assets/_TerrainAutoUpgrade/layer_Ground01_Dcd2d2d038030d602.terrainlayer
  artifactKey: Guid(a0e6eb57e996d6b47a97afeb70ac3cbe) Importer(815301076,1909f56bfc062723c751e8b465ee728b)
Number of updated assets reloaded before import = 0
Start importing Assets/_TerrainAutoUpgrade/layer_Ground01_Dcd2d2d038030d602.terrainlayer using Guid(a0e6eb57e996d6b47a97afeb70ac3cbe) Importer(815301076,1909f56bfc062723c751e8b465ee728b)  -> (artifact id: 'd512c8121dcc809f93e150833aa3f56e') in 0.049151 seconds 
Number of asset objects unloaded after import = 2
========================================================================
Received Import Request.
  Time since last request: 0.000025 seconds.
  path: Assets/_TerrainAutoUpgrade/layer_Ground06_Dcd2d2d038030d602.terrainlayer
  artifactKey: Guid(fe8606c004a2bde49abee2be436590dc) Importer(815301076,1909f56bfc062723c751e8b465ee728b)
Number of updated assets reloaded before import = 0
Start importing Assets/_TerrainAutoUpgrade/layer_Ground06_Dcd2d2d038030d602.terrainlayer using Guid(fe8606c004a2bde49abee2be436590dc) Importer(815301076,1909f56bfc062723c751e8b465ee728b)  -> (artifact id: '08e65baad24673b6fe2b25854ac33743') in 0.023316 seconds 
Number of asset objects unloaded after import = 2
========================================================================
Received Import Request.
  Time since last request: 0.000024 seconds.
  path: Assets/_TerrainAutoUpgrade/layer_Ground05_Dcd2d2d038030d602.terrainlayer
  artifactKey: Guid(bb7d7324978b80846958bd98b0e9dffa) Importer(815301076,1909f56bfc062723c751e8b465ee728b)
Number of updated assets reloaded before import = 0
Start importing Assets/_TerrainAutoUpgrade/layer_Ground05_Dcd2d2d038030d602.terrainlayer using Guid(bb7d7324978b80846958bd98b0e9dffa) Importer(815301076,1909f56bfc062723c751e8b465ee728b)  -> (artifact id: '75bd534bedffcda69621fdaa7e721d4e') in 0.019935 seconds 
Number of asset objects unloaded after import = 2
========================================================================
Received Import Request.
  Time since last request: 3.833371 seconds.
  path: Assets/L_FG_Assets_Pack_Lite
  artifactKey: Guid(269b9b92b3064a5448424ae34c8967a6) Importer(815301076,1909f56bfc062723c751e8b465ee728b)
Number of updated assets reloaded before import = 0
Start importing Assets/L_FG_Assets_Pack_Lite using Guid(269b9b92b3064a5448424ae34c8967a6) Importer(815301076,1909f56bfc062723c751e8b465ee728b)  -> (artifact id: '6a067da8c91ecb01ab66e853aeface29') in 0.002925 seconds 
Number of asset objects unloaded after import = 0
========================================================================
Received Import Request.
  Time since last request: 0.054357 seconds.
  path: Assets/L_FG_Assets_Pack_Lite/NightMare.png
  artifactKey: Guid(669de19d00263fd449e5e8864390142e) Importer(815301076,1909f56bfc062723c751e8b465ee728b)
Number of updated assets reloaded before import = 0
Start importing Assets/L_FG_Assets_Pack_Lite/NightMare.png using Guid(669de19d00263fd449e5e8864390142e) Importer(815301076,1909f56bfc062723c751e8b465ee728b)  -> (artifact id: 'ea94e3da5adc954e052b234471f07bba') in 0.053602 seconds 
Number of asset objects unloaded after import = 2
========================================================================
Received Import Request.
  Time since last request: 0.000019 seconds.
  path: Assets/L_FG_Assets_Pack_Lite/Single-footstep-on-concrete-with-womans-heel-shoes-1-www.FesliyanStudios.com.mp3
  artifactKey: Guid(39dc26e824c09b64992132516984e6ca) Importer(815301076,1909f56bfc062723c751e8b465ee728b)
Number of updated assets reloaded before import = 0
Start importing Assets/L_FG_Assets_Pack_Lite/Single-footstep-on-concrete-with-womans-heel-shoes-1-www.FesliyanStudios.com.mp3 using Guid(39dc26e824c09b64992132516984e6ca) Importer(815301076,1909f56bfc062723c751e8b465ee728b)  -> (artifact id: '89046b368c513197e44936540bc3b5e3') in 0.079353 seconds 
Number of asset objects unloaded after import = 2
========================================================================
Received Import Request.
  Time since last request: 3.662097 seconds.
  path: Assets/L_FG_Assets_Pack_Lite/L_FG_Assets_Pack_Lite
  artifactKey: Guid(3fc1e8949c543d448beddd973b8fa41a) Importer(815301076,1909f56bfc062723c751e8b465ee728b)
Number of updated assets reloaded before import = 0
Start importing Assets/L_FG_Assets_Pack_Lite/L_FG_Assets_Pack_Lite using Guid(3fc1e8949c543d448beddd973b8fa41a) Importer(815301076,1909f56bfc062723c751e8b465ee728b)  -> (artifact id: '4d1f80f540af4ed9d7928fbd149f4ae6') in 0.006610 seconds 
Number of asset objects unloaded after import = 0
========================================================================
Received Import Request.
  Time since last request: 2.165875 seconds.
  path: Assets/L_FG_Assets_Pack_Lite/L_FG_Assets_Pack_Lite/Perfabs
  artifactKey: Guid(ad7b9962b24ebd54b81ded035891c363) Importer(815301076,1909f56bfc062723c751e8b465ee728b)
Number of updated assets reloaded before import = 0
Start importing Assets/L_FG_Assets_Pack_Lite/L_FG_Assets_Pack_Lite/Perfabs using Guid(ad7b9962b24ebd54b81ded035891c363) Importer(815301076,1909f56bfc062723c751e8b465ee728b)  -> (artifact id: '58efcb85f9ed8361e6061a7af6bddcf2') in 0.006928 seconds 
Number of asset objects unloaded after import = 0
========================================================================
Received Import Request.
  Time since last request: 4.676737 seconds.
  path: Assets/L_FG_Assets_Pack_Lite/L_FG_Assets_Pack_Lite/Demo
  artifactKey: Guid(577f67a5968d9a247b4deb6f8eb6de2a) Importer(815301076,1909f56bfc062723c751e8b465ee728b)
Number of updated assets reloaded before import = 0
Start importing Assets/L_FG_Assets_Pack_Lite/L_FG_Assets_Pack_Lite/Demo using Guid(577f67a5968d9a247b4deb6f8eb6de2a) Importer(815301076,1909f56bfc062723c751e8b465ee728b)  -> (artifact id: 'abcadc4723de58c59b51ceb675c8fe11') in 0.006830 seconds 
Number of asset objects unloaded after import = 0
========================================================================
Received Import Request.
  Time since last request: 0.050899 seconds.
  path: Assets/L_FG_Assets_Pack_Lite/L_FG_Assets_Pack_Lite/Demo/New Terrain 2.asset
  artifactKey: Guid(4642b86718ac9554094c02c417a45404) Importer(815301076,1909f56bfc062723c751e8b465ee728b)
Number of updated assets reloaded before import = 0
Start importing Assets/L_FG_Assets_Pack_Lite/L_FG_Assets_Pack_Lite/Demo/New Terrain 2.asset using Guid(4642b86718ac9554094c02c417a45404) Importer(815301076,1909f56bfc062723c751e8b465ee728b)  -> (artifact id: '43fa70e685b711d742dd4448d055bcad') in 0.114900 seconds 
Number of asset objects unloaded after import = 14
========================================================================
Received Import Request.
  Time since last request: 7.156593 seconds.
  path: Assets/L_FG_Assets_Pack_Lite/L_FG_Assets_Pack_Lite/Perfabs/Cemetery
  artifactKey: Guid(403c18b29c2a2b24aa2beb819d32b19c) Importer(815301076,1909f56bfc062723c751e8b465ee728b)
Number of updated assets reloaded before import = 0
Start importing Assets/L_FG_Assets_Pack_Lite/L_FG_Assets_Pack_Lite/Perfabs/Cemetery using Guid(403c18b29c2a2b24aa2beb819d32b19c) Importer(815301076,1909f56bfc062723c751e8b465ee728b)  -> (artifact id: 'ecac38a7e8bb2ef5df799237cd6b0c0e') in 0.008073 seconds 
Number of asset objects unloaded after import = 0
========================================================================
Received Import Request.
  Time since last request: 0.325765 seconds.
  path: Assets/L_FG_Assets_Pack_Lite/L_FG_Assets_Pack_Lite/Perfabs/Cemetery/Coffin01.prefab
  artifactKey: Guid(3a2128b2aa9fbd743882c26fb118a4a9) Importer(815301076,1909f56bfc062723c751e8b465ee728b)
Number of updated assets reloaded before import = 0
Start importing Assets/L_FG_Assets_Pack_Lite/L_FG_Assets_Pack_Lite/Perfabs/Cemetery/Coffin01.prefab using Guid(3a2128b2aa9fbd743882c26fb118a4a9) Importer(815301076,1909f56bfc062723c751e8b465ee728b)  -> (artifact id: '1ea7385b72ec1702e39971fdee762a55') in 0.146163 seconds 
Number of asset objects unloaded after import = 11
========================================================================
Received Import Request.
  Time since last request: 0.000023 seconds.
  path: Assets/L_FG_Assets_Pack_Lite/L_FG_Assets_Pack_Lite/Perfabs/Cemetery/Tomb04_i.prefab
  artifactKey: Guid(780d55bf443a9c74d91bf1291263a77a) Importer(815301076,1909f56bfc062723c751e8b465ee728b)
Number of updated assets reloaded before import = 0
Start importing Assets/L_FG_Assets_Pack_Lite/L_FG_Assets_Pack_Lite/Perfabs/Cemetery/Tomb04_i.prefab using Guid(780d55bf443a9c74d91bf1291263a77a) Importer(815301076,1909f56bfc062723c751e8b465ee728b)  -> (artifact id: '104c5906e7adc82797b62d5e481bc961') in 0.024622 seconds 
Number of asset objects unloaded after import = 20
========================================================================
Received Import Request.
  Time since last request: 0.000036 seconds.
  path: Assets/L_FG_Assets_Pack_Lite/L_FG_Assets_Pack_Lite/Perfabs/Cemetery/Gravestone07.prefab
  artifactKey: Guid(6e38357010671d049b86a013ec393ff5) Importer(815301076,1909f56bfc062723c751e8b465ee728b)
Number of updated assets reloaded before import = 0
Start importing Assets/L_FG_Assets_Pack_Lite/L_FG_Assets_Pack_Lite/Perfabs/Cemetery/Gravestone07.prefab using Guid(6e38357010671d049b86a013ec393ff5) Importer(815301076,1909f56bfc062723c751e8b465ee728b)  -> (artifact id: '288dcdc26fee6ba6995c7706ea84f3c4') in 0.023409 seconds 
Number of asset objects unloaded after import = 10
========================================================================
Received Import Request.
  Time since last request: 0.000020 seconds.
  path: Assets/L_FG_Assets_Pack_Lite/L_FG_Assets_Pack_Lite/Perfabs/Cemetery/Tomb01_a.prefab
  artifactKey: Guid(67336e8f523bac74caa8b832e212996e) Importer(815301076,1909f56bfc062723c751e8b465ee728b)
Number of updated assets reloaded before import = 0
Start importing Assets/L_FG_Assets_Pack_Lite/L_FG_Assets_Pack_Lite/Perfabs/Cemetery/Tomb01_a.prefab using Guid(67336e8f523bac74caa8b832e212996e) Importer(815301076,1909f56bfc062723c751e8b465ee728b)  -> (artifact id: 'be8767c9517d42c865931e661cddf259') in 0.023032 seconds 
Number of asset objects unloaded after import = 10
========================================================================
Received Import Request.
  Time since last request: 0.000020 seconds.
  path: Assets/L_FG_Assets_Pack_Lite/L_FG_Assets_Pack_Lite/Perfabs/Cemetery/Gravestone09.prefab
  artifactKey: Guid(0d2c2e3c29e94ee4e896a1bc5af306fc) Importer(815301076,1909f56bfc062723c751e8b465ee728b)
Number of updated assets reloaded before import = 0
Start importing Assets/L_FG_Assets_Pack_Lite/L_FG_Assets_Pack_Lite/Perfabs/Cemetery/Gravestone09.prefab using Guid(0d2c2e3c29e94ee4e896a1bc5af306fc) Importer(815301076,1909f56bfc062723c751e8b465ee728b)  -> (artifact id: 'dc9dab246ad0f7027f5e8c0c8fd58892') in 0.023645 seconds 
Number of asset objects unloaded after import = 9
========================================================================
Received Import Request.
  Time since last request: 0.000023 seconds.
  path: Assets/L_FG_Assets_Pack_Lite/L_FG_Assets_Pack_Lite/Perfabs/Cemetery/Tomb02_a.prefab
  artifactKey: Guid(96d52558c68a6834ab13d4aead40533e) Importer(815301076,1909f56bfc062723c751e8b465ee728b)
Number of updated assets reloaded before import = 0
Start importing Assets/L_FG_Assets_Pack_Lite/L_FG_Assets_Pack_Lite/Perfabs/Cemetery/Tomb02_a.prefab using Guid(96d52558c68a6834ab13d4aead40533e) Importer(815301076,1909f56bfc062723c751e8b465ee728b)  -> (artifact id: '21ec75dfe74d14e2eb263bcb12c6eb3f') in 0.022025 seconds 
Number of asset objects unloaded after import = 10
========================================================================
Received Import Request.
  Time since last request: 0.000020 seconds.
  path: Assets/L_FG_Assets_Pack_Lite/L_FG_Assets_Pack_Lite/Perfabs/Cemetery/Gravestone10.prefab
  artifactKey: Guid(4663dab9862d7814184172a2c1dac88a) Importer(815301076,1909f56bfc062723c751e8b465ee728b)
Number of updated assets reloaded before import = 0
Start importing Assets/L_FG_Assets_Pack_Lite/L_FG_Assets_Pack_Lite/Perfabs/Cemetery/Gravestone10.prefab using Guid(4663dab9862d7814184172a2c1dac88a) Importer(815301076,1909f56bfc062723c751e8b465ee728b)  -> (artifact id: '18d71ba6790ad358bdd4ff1017d16e04') in 0.023979 seconds 
Number of asset objects unloaded after import = 9
========================================================================
Received Import Request.
  Time since last request: 0.000018 seconds.
  path: Assets/L_FG_Assets_Pack_Lite/L_FG_Assets_Pack_Lite/Perfabs/Cemetery/Gravestone08.prefab
  artifactKey: Guid(6589eaba50223784ab0ce4cba53d7121) Importer(815301076,1909f56bfc062723c751e8b465ee728b)
Number of updated assets reloaded before import = 0
Start importing Assets/L_FG_Assets_Pack_Lite/L_FG_Assets_Pack_Lite/Perfabs/Cemetery/Gravestone08.prefab using Guid(6589eaba50223784ab0ce4cba53d7121) Importer(815301076,1909f56bfc062723c751e8b465ee728b)  -> (artifact id: '5cbb1e31e3c63d7358a6ca2528c58785') in 0.022030 seconds 
Number of asset objects unloaded after import = 10
========================================================================
Received Import Request.
  Time since last request: 0.000020 seconds.
  path: Assets/L_FG_Assets_Pack_Lite/L_FG_Assets_Pack_Lite/Perfabs/Cemetery/Tomb04_b.prefab
  artifactKey: Guid(4c48e077f44ed1f48968a7297f5023fd) Importer(815301076,1909f56bfc062723c751e8b465ee728b)
Number of updated assets reloaded before import = 0
Start importing Assets/L_FG_Assets_Pack_Lite/L_FG_Assets_Pack_Lite/Perfabs/Cemetery/Tomb04_b.prefab using Guid(4c48e077f44ed1f48968a7297f5023fd) Importer(815301076,1909f56bfc062723c751e8b465ee728b)  -> (artifact id: '4e6e5291606eed9dc574ecdeebfb0711') in 0.024059 seconds 
Number of asset objects unloaded after import = 11
========================================================================
Received Import Request.
  Time since last request: 0.000020 seconds.
  path: Assets/L_FG_Assets_Pack_Lite/L_FG_Assets_Pack_Lite/Perfabs/Cemetery/Tomb01_b.prefab
  artifactKey: Guid(02683c051842142449dd654ef9455f62) Importer(815301076,1909f56bfc062723c751e8b465ee728b)
Number of updated assets reloaded before import = 0
Start importing Assets/L_FG_Assets_Pack_Lite/L_FG_Assets_Pack_Lite/Perfabs/Cemetery/Tomb01_b.prefab using Guid(02683c051842142449dd654ef9455f62) Importer(815301076,1909f56bfc062723c751e8b465ee728b)  -> (artifact id: 'db65186e0163bb8419542a753bf42a59') in 0.023138 seconds 
Number of asset objects unloaded after import = 10
========================================================================
Received Import Request.
  Time since last request: 0.000019 seconds.
  path: Assets/L_FG_Assets_Pack_Lite/L_FG_Assets_Pack_Lite/Perfabs/Cemetery/Tomb04_g.prefab
  artifactKey: Guid(3ac5a6bc9fb37a14bbd546da542e0236) Importer(815301076,1909f56bfc062723c751e8b465ee728b)
Number of updated assets reloaded before import = 0
Start importing Assets/L_FG_Assets_Pack_Lite/L_FG_Assets_Pack_Lite/Perfabs/Cemetery/Tomb04_g.prefab using Guid(3ac5a6bc9fb37a14bbd546da542e0236) Importer(815301076,1909f56bfc062723c751e8b465ee728b)  -> (artifact id: '56f7536da0fa817f03c752654dcee3cb') in 0.025230 seconds 
Number of asset objects unloaded after import = 39
========================================================================
Received Import Request.
  Time since last request: 0.000035 seconds.
  path: Assets/L_FG_Assets_Pack_Lite/L_FG_Assets_Pack_Lite/Perfabs/Cemetery/Tomb04_f.prefab
  artifactKey: Guid(d37eae32286eadd44abb5f8a92dc59bc) Importer(815301076,1909f56bfc062723c751e8b465ee728b)
Number of updated assets reloaded before import = 0
Start importing Assets/L_FG_Assets_Pack_Lite/L_FG_Assets_Pack_Lite/Perfabs/Cemetery/Tomb04_f.prefab using Guid(d37eae32286eadd44abb5f8a92dc59bc) Importer(815301076,1909f56bfc062723c751e8b465ee728b)  -> (artifact id: '4662a5109ca1d8b71d1519172004020b') in 0.025006 seconds 
Number of asset objects unloaded after import = 20
========================================================================
Received Import Request.
  Time since last request: 0.000033 seconds.
  path: Assets/L_FG_Assets_Pack_Lite/L_FG_Assets_Pack_Lite/Perfabs/Cemetery/Tomb03_d.prefab
  artifactKey: Guid(e6484dfba15808242b17dac439554de5) Importer(815301076,1909f56bfc062723c751e8b465ee728b)
Number of updated assets reloaded before import = 0
Start importing Assets/L_FG_Assets_Pack_Lite/L_FG_Assets_Pack_Lite/Perfabs/Cemetery/Tomb03_d.prefab using Guid(e6484dfba15808242b17dac439554de5) Importer(815301076,1909f56bfc062723c751e8b465ee728b)  -> (artifact id: 'cb81ebbe33e4f0fb061c64a707cfa7bc') in 0.019867 seconds 
Number of asset objects unloaded after import = 11
========================================================================
Received Import Request.
  Time since last request: 16.999301 seconds.
  path: Assets/L_FG_Assets_Pack_Lite/L_FG_Assets_Pack_Lite/Demo/Demo6
  artifactKey: Guid(70f7012c6db1c5842885c009edd2dbc0) Importer(815301076,1909f56bfc062723c751e8b465ee728b)
Number of updated assets reloaded before import = 0
Start importing Assets/L_FG_Assets_Pack_Lite/L_FG_Assets_Pack_Lite/Demo/Demo6 using Guid(70f7012c6db1c5842885c009edd2dbc0) Importer(815301076,1909f56bfc062723c751e8b465ee728b)  -> (artifact id: '94add94b239601ad55175a6cde592c85') in 0.007005 seconds 
Number of asset objects unloaded after import = 0
========================================================================
Received Import Request.
  Time since last request: 0.447108 seconds.
  path: Assets/L_FG_Assets_Pack_Lite/L_FG_Assets_Pack_Lite/Demo/Demo6.unity
  artifactKey: Guid(b475c139dd123534a9c2b7cda5de4d6f) Importer(815301076,1909f56bfc062723c751e8b465ee728b)
Number of updated assets reloaded before import = 0
Start importing Assets/L_FG_Assets_Pack_Lite/L_FG_Assets_Pack_Lite/Demo/Demo6.unity using Guid(b475c139dd123534a9c2b7cda5de4d6f) Importer(815301076,1909f56bfc062723c751e8b465ee728b)  -> (artifact id: '8efd1c788313cf3595f1a1ee4854eb91') in 0.008185 seconds 
Number of asset objects unloaded after import = 0
========================================================================
Received Import Request.
  Time since last request: 5.529168 seconds.
  path: Assets/L_FG_Assets_Pack_Lite/L_FG_Assets_Pack_Lite/Demo/New Terrain 2.asset
  artifactKey: Guid(4642b86718ac9554094c02c417a45404) Importer(815301076,1909f56bfc062723c751e8b465ee728b)
Number of updated assets reloaded before import = 0
Start importing Assets/L_FG_Assets_Pack_Lite/L_FG_Assets_Pack_Lite/Demo/New Terrain 2.asset using Guid(4642b86718ac9554094c02c417a45404) Importer(815301076,1909f56bfc062723c751e8b465ee728b)  -> (artifact id: 'a284eb172b8525ac0a46cc3f3934552f') in 0.035880 seconds 
Number of asset objects unloaded after import = 4
========================================================================
Received Import Request.
  Time since last request: 45.236537 seconds.
  path: Assets/L_FG_Assets_Pack_Lite/L_FG_Assets_Pack_Lite/Perfabs/prop.prefab
  artifactKey: Guid(fde182745a24eeb4289e7cc5d1ef21c1) Importer(815301076,1909f56bfc062723c751e8b465ee728b)
Number of updated assets reloaded before import = 0
Start importing Assets/L_FG_Assets_Pack_Lite/L_FG_Assets_Pack_Lite/Perfabs/prop.prefab using Guid(fde182745a24eeb4289e7cc5d1ef21c1) Importer(815301076,1909f56bfc062723c751e8b465ee728b)  -> (artifact id: '2319367b28fd660cec8ca1fd736f6df6') in 0.372037 seconds 
Number of asset objects unloaded after import = 4280
========================================================================
Received Import Request.
  Time since last request: 7.270622 seconds.
  path: Assets/Scenes/Asylum.unity
  artifactKey: Guid(8ecd08979d9a71346b5b9c72a695b586) Importer(815301076,1909f56bfc062723c751e8b465ee728b)
Number of updated assets reloaded before import = 0
Start importing Assets/Scenes/Asylum.unity using Guid(8ecd08979d9a71346b5b9c72a695b586) Importer(815301076,1909f56bfc062723c751e8b465ee728b)  -> (artifact id: 'bd6f31aa590a4c979bf013d7bf4a9b6e') in 0.007346 seconds 
Number of asset objects unloaded after import = 0
========================================================================
Received Import Request.
  Time since last request: 139.926821 seconds.
  path: Assets/Asset Packs/Standard Assets/Environment/TerrainAssets/SurfaceTextures/GrassHillAlbedo.psd
  artifactKey: Guid(c6e0767b1f8c34890ac245217f4b9731) Importer(815301076,1909f56bfc062723c751e8b465ee728b)
Number of updated assets reloaded before import = 0
Start importing Assets/Asset Packs/Standard Assets/Environment/TerrainAssets/SurfaceTextures/GrassHillAlbedo.psd using Guid(c6e0767b1f8c34890ac245217f4b9731) Importer(815301076,1909f56bfc062723c751e8b465ee728b)  -> (artifact id: '92d20929286d33f759acd844e8165b81') in 0.024307 seconds 
Number of asset objects unloaded after import = 2
========================================================================
Received Import Request.
  Time since last request: 27.924209 seconds.
  path: Assets/Asset Packs/Standard Assets/Environment/SpeedTree/Broadleaf/Broadleaf_Desktop.spm
  artifactKey: Guid(c91c1eb85782d5748ace27eb4d7415bb) Importer(815301076,1909f56bfc062723c751e8b465ee728b)
Number of updated assets reloaded before import = 0
Start importing Assets/Asset Packs/Standard Assets/Environment/SpeedTree/Broadleaf/Broadleaf_Desktop.spm using Guid(c91c1eb85782d5748ace27eb4d7415bb) Importer(815301076,1909f56bfc062723c751e8b465ee728b)  -> (artifact id: 'ef4b48c116c57de7c78c6a54e48d799a') in 2.030692 seconds 
Number of asset objects unloaded after import = 91
========================================================================
Received Prepare
Begin MonoManager ReloadAssembly
- Loaded All Assemblies, in  0.540 seconds
Refreshing native plugins compatible for Editor in 20.84 ms, found 2 plugins.
Native extension for WindowsStandalone target not found
Native extension for iOS target not found
Native extension for Android target not found
[Package Manager] Server::EnsureServerProcessIsRunning -- launch failed, reason: Unity was launched with the -noUpm command-line argument
[Package Manager] UpmClient::Send -- Unable to send message (not connected to UPM process).
[Package Manager] Cannot connect to Unity Package Manager local server
Mono: successfully reloaded assembly
- Finished resetting the current domain, in  1.194 seconds
Domain Reload Profiling:
	ReloadAssembly (204ms)
		BeginReloadAssembly (137ms)
			ExecutionOrderSort (0ms)
			DisableScriptedObjects (6ms)
			BackupInstance (0ms)
			ReleaseScriptingObjects (0ms)
			CreateAndSetChildDomain (37ms)
		LoadAllAssembliesAndSetupDomain (332ms)
			LoadAssemblies (98ms)
			RebuildTransferFunctionScriptingTraits (0ms)
			SetupTypeCache (287ms)
				TypeCache.Initialize (190ms)
					TypeCache.ScanAssembly (185ms)
				ResolveRequiredComponents (3ms)
		FinalizeReload (0ms)
			ReleaseScriptCaches (0ms)
			RebuildScriptCaches (0ms)
			SetupLoadedEditorAssemblies (472ms)
				LogAssemblyErrors (0ms)
				InitializePlatformSupportModulesInManaged (35ms)
				SetLoadedEditorAssemblies (7ms)
				RefreshPlugins (0ms)
				BeforeProcessingInitializeOnLoad (83ms)
				ProcessInitializeOnLoadAttributes (227ms)
				ProcessInitializeOnLoadMethodAttributes (112ms)
				AfterProcessingInitializeOnLoad (7ms)
				EditorAssembliesLoaded (0ms)
			ExecutionOrderSort2 (0ms)
			AwakeInstancesAfterBackupRestoration (7ms)
Refreshing native plugins compatible for Editor in 25.54 ms, found 2 plugins.
Preloading 0 native plugins for Editor in 0.00 ms.
Unloading 2953 Unused Serialized files (Serialized files now loaded: 0)
Unloading 106 unused Assets / (0.8 MB). Loaded Objects now: 3438.
Memory consumption went from 482.9 MB to 482.1 MB.
Total: 6.686300 ms (FindLiveObjects: 0.262100 ms CreateObjectMapping: 0.172900 ms MarkObjects: 5.695200 ms  DeleteObjects: 0.554800 ms)

AssetImportParameters requested are different than current active one (requested -> active):
  custom:video-decoder-webm-vp8: 9c59270c3fd7afecdb556c50c9e8de78 -> 
  custom:container-demuxer-ogg: 62fdf1f143b41e24485cea50d1cbac27 -> 
  custom:AudioImporter_EditorPlatform: d09bf68614088b80899f8185d706f6e7 -> 
  custom:video-codec-MediaFoundation-h265: 746d11721c4dcdbdad8f713fa42b33f4 -> 
  custom:video-decoder-ogg-theora: a1e56fd34408186e4bbccfd4996cb3dc -> 
  custom:framework-win-MediaFoundation: 216162199b28c13a410421893ffa2e32 -> 
  custom:video-encoder-webm-vp8: eb34c28f22e8b96e1ab97ce403110664 -> 
  custom:audio-decoder-ogg-vorbis: bf7c407c2cedff20999df2af8eb42d56 -> 
  custom:container-demuxer-webm: 4f35f7cbe854078d1ac9338744f61a02 -> 
  custom:audio-encoder-webm-vorbis: bf7c407c2cedff20999df2af8eb42d56 -> 
  custom:container-muxer-webm: aa71ff27fc2769a1b78a27578f13a17b -> 
========================================================================
Received Import Request.
  Time since last request: 1128.378150 seconds.
  path: Assets/ProBuilder Data/Default Color Palette.asset
  artifactKey: Guid(9ea92a9372170df4b9e5bd91386f58b7) Importer(815301076,1909f56bfc062723c751e8b465ee728b)
Number of updated assets reloaded before import = 0
Start importing Assets/ProBuilder Data/Default Color Palette.asset using Guid(9ea92a9372170df4b9e5bd91386f58b7) Importer(815301076,1909f56bfc062723c751e8b465ee728b)  -> (artifact id: '4f6a7c2ee6c339260b633e34b83955ca') in 0.018319 seconds 
Number of asset objects unloaded after import = 1
========================================================================
Received Import Request.
  Time since last request: 2.748108 seconds.
  path: Assets/Prefabs/Pickups
  artifactKey: Guid(29fe0123f49d6de41bbdd68a152d2ec0) Importer(815301076,1909f56bfc062723c751e8b465ee728b)
Number of updated assets reloaded before import = 0
Start importing Assets/Prefabs/Pickups using Guid(29fe0123f49d6de41bbdd68a152d2ec0) Importer(815301076,1909f56bfc062723c751e8b465ee728b)  -> (artifact id: 'd7f3b8f4398e52dcc25c3d7abc148a0f') in 0.006404 seconds 
Number of asset objects unloaded after import = 0
========================================================================
Received Import Request.
  Time since last request: 0.028109 seconds.
  path: Assets/Prefabs/Pickups/Ammo Pickup.prefab
  artifactKey: Guid(fa1e64f4483f0a94687358fd42cf83d0) Importer(815301076,1909f56bfc062723c751e8b465ee728b)
Number of updated assets reloaded before import = 0
Start importing Assets/Prefabs/Pickups/Ammo Pickup.prefab using Guid(fa1e64f4483f0a94687358fd42cf83d0) Importer(815301076,1909f56bfc062723c751e8b465ee728b)  -> (artifact id: 'f8188bad0dcc8fd28ee6c535ca6d88c7') in 0.028182 seconds 
Number of asset objects unloaded after import = 6
========================================================================
Received Import Request.
  Time since last request: 0.000031 seconds.
  path: Assets/Prefabs/Pickups/Battery Pickup.prefab
  artifactKey: Guid(c9281e72b3744be47863936922328dd6) Importer(815301076,1909f56bfc062723c751e8b465ee728b)
Number of updated assets reloaded before import = 0
Start importing Assets/Prefabs/Pickups/Battery Pickup.prefab using Guid(c9281e72b3744be47863936922328dd6) Importer(815301076,1909f56bfc062723c751e8b465ee728b)  -> (artifact id: 'e8bfa022e2c7d2e57e3a1f3f58066da5') in 0.014691 seconds 
Number of asset objects unloaded after import = 15
========================================================================
Received Import Request.
  Time since last request: 0.000016 seconds.
  path: Assets/Prefabs/Pickups/Bullets Pickup.prefab
  artifactKey: Guid(c7d403544a3953a4787623ccd3a691b8) Importer(815301076,1909f56bfc062723c751e8b465ee728b)
Number of updated assets reloaded before import = 0
Start importing Assets/Prefabs/Pickups/Bullets Pickup.prefab using Guid(c7d403544a3953a4787623ccd3a691b8) Importer(815301076,1909f56bfc062723c751e8b465ee728b)  -> (artifact id: '0e4b42ff813a7fc73b7a02a45e4a6463') in 0.013738 seconds 
Number of asset objects unloaded after import = 32
========================================================================
Received Import Request.
  Time since last request: 0.000026 seconds.
  path: Assets/Prefabs/Pickups/Rockets Pickup.prefab
  artifactKey: Guid(4e79074dccc15c74b87eb1b6a3193a73) Importer(815301076,1909f56bfc062723c751e8b465ee728b)
Number of updated assets reloaded before import = 0
Start importing Assets/Prefabs/Pickups/Rockets Pickup.prefab using Guid(4e79074dccc15c74b87eb1b6a3193a73) Importer(815301076,1909f56bfc062723c751e8b465ee728b)  -> (artifact id: 'e73a21570842dbb5cf305c7960d2f0ff') in 0.286388 seconds 
Number of asset objects unloaded after import = 20
Editor requested this worker to shutdown with reason: Scaling down because of idle timeout
TcpMessagingSession - receive error: operation aborted. errorcode: 995, details: The I/O operation has been aborted because of either a thread exit or an application request.
AssetImportWorker is now disconnected from the server
Process exiting
Exiting without the bug reporter. Application will terminate with return code 0